{"D:\\Siva\\Books\\CAREER\\HACKATHON\\Gen_AI_APAC_2026\\ElectraLensAI\\web\\src\\constants.ts": {"path":"D:\\Siva\\Books\\CAREER\\HACKATHON\\Gen_AI_APAC_2026\\ElectraLensAI\\web\\src\\constants.ts","statementMap":{"0":{"start":{"line":18,"column":46},"end":{"line":51,"column":null}},"1":{"start":{"line":53,"column":58},"end":{"line":64,"column":null}},"2":{"start":{"line":66,"column":24},"end":{"line":66,"column":null}}},"fnMap":{},"branchMap":{"0":{"loc":{"start":{"line":66,"column":24},"end":{"line":66,"column":null}},"type":"binary-expr","locations":[{"start":{"line":66,"column":24},"end":{"line":66,"column":56}},{"start":{"line":66,"column":56},"end":{"line":66,"column":null}}],"line":66}},"s":{"0":5,"1":5,"2":5},"f":{},"b":{"0":[5,1]},"meta":{"lastBranch":1,"lastFunction":0,"lastStatement":3,"seen":{"s:18:46:51:Infinity":0,"s:53:58:64:Infinity":1,"s:66:24:66:Infinity":2,"b:66:24:66:56:66:56:66:Infinity":0}}}
,"D:\\Siva\\Books\\CAREER\\HACKATHON\\Gen_AI_APAC_2026\\ElectraLensAI\\web\\src\\components\\features\\LearningLab\\Flashcards.tsx": {"path":"D:\\Siva\\Books\\CAREER\\HACKATHON\\Gen_AI_APAC_2026\\ElectraLensAI\\web\\src\\components\\features\\LearningLab\\Flashcards.tsx","statementMap":{"0":{"start":{"line":6,"column":16},"end":{"line":6,"column":39}},"1":{"start":{"line":7,"column":20},"end":{"line":7,"column":51}},"2":{"start":{"line":9,"column":16},"end":{"line":9,"column":null}},"3":{"start":{"line":10,"column":22},"end":{"line":10,"column":null}},"4":{"start":{"line":12,"column":8},"end":{"line":16,"column":null}},"5":{"start":{"line":13,"column":4},"end":{"line":13,"column":null}},"6":{"start":{"line":14,"column":4},"end":{"line":16,"column":null}},"7":{"start":{"line":15,"column":6},"end":{"line":15,"column":null}},"8":{"start":{"line":15,"column":16},"end":{"line":15,"column":51}},"9":{"start":{"line":19,"column":8},"end":{"line":23,"column":null}},"10":{"start":{"line":20,"column":4},"end":{"line":20,"column":null}},"11":{"start":{"line":21,"column":4},"end":{"line":23,"column":null}},"12":{"start":{"line":22,"column":6},"end":{"line":22,"column":null}},"13":{"start":{"line":22,"column":16},"end":{"line":22,"column":66}},"14":{"start":{"line":26,"column":2},"end":{"line":77,"column":null}},"15":{"start":{"line":33,"column":97},"end":{"line":33,"column":121}},"16":{"start":{"line":64,"column":28},"end":{"line":64,"column":49}},"17":{"start":{"line":64,"column":49},"end":{"line":64,"column":null}},"18":{"start":{"line":73,"column":28},"end":{"line":73,"column":49}},"19":{"start":{"line":73,"column":49},"end":{"line":73,"column":null}}},"fnMap":{"0":{"name":"Flashcards","decl":{"start":{"line":5,"column":16},"end":{"line":5,"column":29}},"loc":{"start":{"line":5,"column":29},"end":{"line":77,"column":null}},"line":5},"1":{"name":"(anonymous_1)","decl":{"start":{"line":12,"column":8},"end":{"line":12,"column":21}},"loc":{"start":{"line":12,"column":21},"end":{"line":16,"column":null}},"line":12},"2":{"name":"(anonymous_2)","decl":{"start":{"line":14,"column":4},"end":{"line":14,"column":21}},"loc":{"start":{"line":14,"column":21},"end":{"line":16,"column":11}},"line":14},"3":{"name":"(anonymous_3)","decl":{"start":{"line":15,"column":6},"end":{"line":15,"column":16}},"loc":{"start":{"line":15,"column":16},"end":{"line":15,"column":51}},"line":15},"4":{"name":"(anonymous_4)","decl":{"start":{"line":19,"column":8},"end":{"line":19,"column":21}},"loc":{"start":{"line":19,"column":21},"end":{"line":23,"column":null}},"line":19},"5":{"name":"(anonymous_5)","decl":{"start":{"line":21,"column":4},"end":{"line":21,"column":21}},"loc":{"start":{"line":21,"column":21},"end":{"line":23,"column":11}},"line":21},"6":{"name":"(anonymous_6)","decl":{"start":{"line":22,"column":6},"end":{"line":22,"column":16}},"loc":{"start":{"line":22,"column":16},"end":{"line":22,"column":66}},"line":22},"7":{"name":"(anonymous_7)","decl":{"start":{"line":33,"column":82},"end":{"line":33,"column":97}},"loc":{"start":{"line":33,"column":97},"end":{"line":33,"column":121}},"line":33},"8":{"name":"(anonymous_8)","decl":{"start":{"line":64,"column":10},"end":{"line":64,"column":20}},"loc":{"start":{"line":64,"column":26},"end":{"line":64,"column":null}},"line":64},"9":{"name":"(anonymous_9)","decl":{"start":{"line":73,"column":10},"end":{"line":73,"column":20}},"loc":{"start":{"line":73,"column":26},"end":{"line":73,"column":null}},"line":73}},"branchMap":{"0":{"loc":{"start":{"line":37,"column":32},"end":{"line":37,"column":56}},"type":"cond-expr","locations":[{"start":{"line":37,"column":44},"end":{"line":37,"column":51}},{"start":{"line":37,"column":51},"end":{"line":37,"column":56}}],"line":37},"1":{"loc":{"start":{"line":39,"column":29},"end":{"line":39,"column":53}},"type":"cond-expr","locations":[{"start":{"line":39,"column":41},"end":{"line":39,"column":47}},{"start":{"line":39,"column":47},"end":{"line":39,"column":53}}],"line":39},"2":{"loc":{"start":{"line":42,"column":14},"end":{"line":44,"column":null}},"type":"cond-expr","locations":[{"start":{"line":43,"column":18},"end":{"line":43,"column":null}},{"start":{"line":44,"column":18},"end":{"line":44,"column":null}}],"line":42},"3":{"loc":{"start":{"line":51,"column":66},"end":{"line":51,"column":null}},"type":"cond-expr","locations":[{"start":{"line":51,"column":78},"end":{"line":51,"column":93}},{"start":{"line":51,"column":93},"end":{"line":51,"column":null}}],"line":51},"4":{"loc":{"start":{"line":52,"column":15},"end":{"line":52,"column":null}},"type":"cond-expr","locations":[{"start":{"line":52,"column":27},"end":{"line":52,"column":48}},{"start":{"line":52,"column":48},"end":{"line":52,"column":null}}],"line":52},"5":{"loc":{"start":{"line":36,"column":26},"end":{"line":36,"column":null}},"type":"cond-expr","locations":[{"start":{"line":36,"column":38},"end":{"line":36,"column":48}},{"start":{"line":36,"column":48},"end":{"line":36,"column":null}}],"line":36}},"s":{"0":9,"1":9,"2":9,"3":9,"4":9,"5":1,"6":1,"7":1,"8":1,"9":9,"10":1,"11":1,"12":1,"13":1,"14":9,"15":1,"16":1,"17":1,"18":1,"19":1},"f":{"0":9,"1":1,"2":1,"3":1,"4":1,"5":1,"6":1,"7":1,"8":1,"9":1},"b":{"0":[1,8],"1":[1,8],"2":[1,8],"3":[1,8],"4":[1,8],"5":[1,8]},"meta":{"lastBranch":6,"lastFunction":10,"lastStatement":20,"seen":{"f:5:16:5:29":0,"s:6:16:6:39":0,"s:7:20:7:51":1,"s:9:16:9:Infinity":2,"s:10:22:10:Infinity":3,"s:12:8:16:Infinity":4,"f:12:8:12:21":1,"s:13:4:13:Infinity":5,"s:14:4:16:Infinity":6,"f:14:4:14:21":2,"s:15:6:15:Infinity":7,"f:15:6:15:16":3,"s:15:16:15:51":8,"s:19:8:23:Infinity":9,"f:19:8:19:21":4,"s:20:4:20:Infinity":10,"s:21:4:23:Infinity":11,"f:21:4:21:21":5,"s:22:6:22:Infinity":12,"f:22:6:22:16":6,"s:22:16:22:66":13,"s:26:2:77:Infinity":14,"f:33:82:33:97":7,"s:33:97:33:121":15,"b:37:44:37:51:37:51:37:56":0,"b:39:41:39:47:39:47:39:53":1,"b:43:18:43:Infinity:44:18:44:Infinity":2,"b:51:78:51:93:51:93:51:Infinity":3,"b:52:27:52:48:52:48:52:Infinity":4,"b:36:38:36:48:36:48:36:Infinity":5,"f:64:10:64:20":8,"s:64:28:64:49":16,"s:64:49:64:Infinity":17,"f:73:10:73:20":9,"s:73:28:73:49":18,"s:73:49:73:Infinity":19}}}
,"D:\\Siva\\Books\\CAREER\\HACKATHON\\Gen_AI_APAC_2026\\ElectraLensAI\\web\\src\\components\\features\\LearningLab\\Quiz.tsx": {"path":"D:\\Siva\\Books\\CAREER\\HACKATHON\\Gen_AI_APAC_2026\\ElectraLensAI\\web\\src\\components\\features\\LearningLab\\Quiz.tsx","statementMap":{"0":{"start":{"line":6,"column":22},"end":{"line":6,"column":51}},"1":{"start":{"line":7,"column":25},"end":{"line":7,"column":75}},"2":{"start":{"line":8,"column":16},"end":{"line":8,"column":39}},"3":{"start":{"line":9,"column":21},"end":{"line":9,"column":53}},"4":{"start":{"line":11,"column":19},"end":{"line":11,"column":null}},"5":{"start":{"line":12,"column":26},"end":{"line":12,"column":null}},"6":{"start":{"line":14,"column":8},"end":{"line":17,"column":null}},"7":{"start":{"line":15,"column":4},"end":{"line":15,"column":null}},"8":{"start":{"line":16,"column":20},"end":{"line":16,"column":null}},"9":{"start":{"line":17,"column":4},"end":{"line":17,"column":null}},"10":{"start":{"line":17,"column":17},"end":{"line":17,"column":null}},"11":{"start":{"line":20,"column":8},"end":{"line":25,"column":null}},"12":{"start":{"line":21,"column":4},"end":{"line":25,"column":null}},"13":{"start":{"line":22,"column":6},"end":{"line":22,"column":null}},"14":{"start":{"line":23,"column":6},"end":{"line":23,"column":null}},"15":{"start":{"line":25,"column":6},"end":{"line":25,"column":null}},"16":{"start":{"line":29,"column":2},"end":{"line":44,"column":null}},"17":{"start":{"line":30,"column":4},"end":{"line":44,"column":null}},"18":{"start":{"line":36,"column":12},"end":{"line":36,"column":null}},"19":{"start":{"line":37,"column":12},"end":{"line":37,"column":null}},"20":{"start":{"line":38,"column":12},"end":{"line":38,"column":null}},"21":{"start":{"line":39,"column":12},"end":{"line":39,"column":null}},"22":{"start":{"line":49,"column":2},"end":{"line":115,"column":null}},"23":{"start":{"line":72,"column":29},"end":{"line":72,"column":null}},"24":{"start":{"line":73,"column":12},"end":{"line":78,"column":null}},"25":{"start":{"line":74,"column":14},"end":{"line":76,"column":null}},"26":{"start":{"line":77,"column":23},"end":{"line":78,"column":null}},"27":{"start":{"line":78,"column":14},"end":{"line":78,"column":null}},"28":{"start":{"line":81,"column":12},"end":{"line":95,"column":null}},"29":{"start":{"line":88,"column":31},"end":{"line":88,"column":53}}},"fnMap":{"0":{"name":"Quiz","decl":{"start":{"line":5,"column":16},"end":{"line":5,"column":23}},"loc":{"start":{"line":5,"column":23},"end":{"line":115,"column":null}},"line":5},"1":{"name":"(anonymous_1)","decl":{"start":{"line":14,"column":8},"end":{"line":14,"column":29}},"loc":{"start":{"line":14,"column":45},"end":{"line":17,"column":null}},"line":14},"2":{"name":"(anonymous_2)","decl":{"start":{"line":20,"column":8},"end":{"line":20,"column":29}},"loc":{"start":{"line":20,"column":29},"end":{"line":25,"column":null}},"line":20},"3":{"name":"(anonymous_3)","decl":{"start":{"line":35,"column":10},"end":{"line":35,"column":25}},"loc":{"start":{"line":35,"column":25},"end":{"line":39,"column":null}},"line":35},"4":{"name":"(anonymous_4)","decl":{"start":{"line":71,"column":35},"end":{"line":71,"column":40}},"loc":{"start":{"line":71,"column":56},"end":{"line":95,"column":null}},"line":71},"5":{"name":"(anonymous_5)","decl":{"start":{"line":88,"column":16},"end":{"line":88,"column":31}},"loc":{"start":{"line":88,"column":31},"end":{"line":88,"column":53}},"line":88}},"branchMap":{"0":{"loc":{"start":{"line":17,"column":4},"end":{"line":17,"column":null}},"type":"if","locations":[{"start":{"line":17,"column":4},"end":{"line":17,"column":null}},{"start":{},"end":{}}],"line":17},"1":{"loc":{"start":{"line":21,"column":4},"end":{"line":25,"column":null}},"type":"if","locations":[{"start":{"line":21,"column":4},"end":{"line":25,"column":null}},{"start":{"line":24,"column":11},"end":{"line":25,"column":null}}],"line":21},"2":{"loc":{"start":{"line":29,"column":2},"end":{"line":44,"column":null}},"type":"if","locations":[{"start":{"line":29,"column":2},"end":{"line":44,"column":null}},{"start":{},"end":{}}],"line":29},"3":{"loc":{"start":{"line":73,"column":12},"end":{"line":78,"column":null}},"type":"if","locations":[{"start":{"line":73,"column":12},"end":{"line":78,"column":null}},{"start":{"line":77,"column":23},"end":{"line":78,"column":null}}],"line":73},"4":{"loc":{"start":{"line":74,"column":27},"end":{"line":76,"column":null}},"type":"cond-expr","locations":[{"start":{"line":75,"column":18},"end":{"line":75,"column":null}},{"start":{"line":76,"column":18},"end":{"line":76,"column":null}}],"line":74},"5":{"loc":{"start":{"line":77,"column":23},"end":{"line":78,"column":null}},"type":"if","locations":[{"start":{"line":77,"column":23},"end":{"line":78,"column":null}},{"start":{},"end":{}}],"line":77},"6":{"loc":{"start":{"line":77,"column":23},"end":{"line":77,"column":83}},"type":"binary-expr","locations":[{"start":{"line":77,"column":23},"end":{"line":77,"column":50}},{"start":{"line":77,"column":50},"end":{"line":77,"column":83}}],"line":77},"7":{"loc":{"start":{"line":92,"column":17},"end":{"line":93,"column":null}},"type":"binary-expr","locations":[{"start":{"line":92,"column":17},"end":{"line":92,"column":null}},{"start":{"line":93,"column":18},"end":{"line":93,"column":null}}],"line":92},"8":{"loc":{"start":{"line":93,"column":44},"end":{"line":93,"column":95}},"type":"cond-expr","locations":[{"start":{"line":93,"column":78},"end":{"line":93,"column":84}},{"start":{"line":93,"column":84},"end":{"line":93,"column":95}}],"line":93},"9":{"loc":{"start":{"line":100,"column":9},"end":{"line":115,"column":null}},"type":"binary-expr","locations":[{"start":{"line":100,"column":9},"end":{"line":100,"column":null}},{"start":{"line":101,"column":10},"end":{"line":115,"column":null}}],"line":100},"10":{"loc":{"start":{"line":114,"column":15},"end":{"line":114,"column":null}},"type":"cond-expr","locations":[{"start":{"line":114,"column":51},"end":{"line":114,"column":69}},{"start":{"line":114,"column":69},"end":{"line":114,"column":null}}],"line":114}},"s":{"0":13,"1":13,"2":13,"3":13,"4":13,"5":13,"6":13,"7":5,"8":5,"9":5,"10":2,"11":13,"12":2,"13":1,"14":1,"15":1,"16":13,"17":1,"18":1,"19":1,"20":1,"21":1,"22":12,"23":48,"24":48,"25":5,"26":43,"27":3,"28":48,"29":5},"f":{"0":13,"1":5,"2":2,"3":1,"4":48,"5":5},"b":{"0":[2,3],"1":[1,1],"2":[1,12],"3":[5,43],"4":[2,3],"5":[3,40],"6":[43,15],"7":[48,5],"8":[2,3],"9":[12,5],"10":[4,1]},"meta":{"lastBranch":11,"lastFunction":6,"lastStatement":30,"seen":{"f:5:16:5:23":0,"s:6:22:6:51":0,"s:7:25:7:75":1,"s:8:16:8:39":2,"s:9:21:9:53":3,"s:11:19:11:Infinity":4,"s:12:26:12:Infinity":5,"s:14:8:17:Infinity":6,"f:14:8:14:29":1,"s:15:4:15:Infinity":7,"s:16:20:16:Infinity":8,"b:17:4:17:Infinity:undefined:undefined:undefined:undefined":0,"s:17:4:17:Infinity":9,"s:17:17:17:Infinity":10,"s:20:8:25:Infinity":11,"f:20:8:20:29":2,"b:21:4:25:Infinity:24:11:25:Infinity":1,"s:21:4:25:Infinity":12,"s:22:6:22:Infinity":13,"s:23:6:23:Infinity":14,"s:25:6:25:Infinity":15,"b:29:2:44:Infinity:undefined:undefined:undefined:undefined":2,"s:29:2:44:Infinity":16,"s:30:4:44:Infinity":17,"f:35:10:35:25":3,"s:36:12:36:Infinity":18,"s:37:12:37:Infinity":19,"s:38:12:38:Infinity":20,"s:39:12:39:Infinity":21,"s:49:2:115:Infinity":22,"f:71:35:71:40":4,"s:72:29:72:Infinity":23,"b:73:12:78:Infinity:77:23:78:Infinity":3,"s:73:12:78:Infinity":24,"s:74:14:76:Infinity":25,"b:75:18:75:Infinity:76:18:76:Infinity":4,"b:77:23:78:Infinity:undefined:undefined:undefined:undefined":5,"s:77:23:78:Infinity":26,"b:77:23:77:50:77:50:77:83":6,"s:78:14:78:Infinity":27,"s:81:12:95:Infinity":28,"f:88:16:88:31":5,"s:88:31:88:53":29,"b:92:17:92:Infinity:93:18:93:Infinity":7,"b:93:78:93:84:93:84:93:95":8,"b:100:9:100:Infinity:101:10:115:Infinity":9,"b:114:51:114:69:114:69:114:Infinity":10}}}
,"D:\\Siva\\Books\\CAREER\\HACKATHON\\Gen_AI_APAC_2026\\ElectraLensAI\\web\\src\\components\\features\\RumorGuard\\RumorGuard.tsx": {"path":"D:\\Siva\\Books\\CAREER\\HACKATHON\\Gen_AI_APAC_2026\\ElectraLensAI\\web\\src\\components\\features\\RumorGuard\\RumorGuard.tsx","statementMap":{"0":{"start":{"line":17,"column":22},"end":{"line":36,"column":null}},"1":{"start":{"line":39,"column":13},"end":{"line":39,"column":38}},"2":{"start":{"line":40,"column":16},"end":{"line":40,"column":40}},"3":{"start":{"line":41,"column":39},"end":{"line":41,"column":66}},"4":{"start":{"line":42,"column":23},"end":{"line":42,"column":54}},"5":{"start":{"line":44,"column":8},"end":{"line":55,"column":null}},"6":{"start":{"line":45,"column":18},"end":{"line":45,"column":null}},"7":{"start":{"line":46,"column":4},"end":{"line":46,"column":null}},"8":{"start":{"line":46,"column":23},"end":{"line":46,"column":null}},"9":{"start":{"line":48,"column":4},"end":{"line":48,"column":null}},"10":{"start":{"line":50,"column":4},"end":{"line":55,"column":null}},"11":{"start":{"line":58,"column":2},"end":{"line":182,"column":null}},"12":{"start":{"line":80,"column":27},"end":{"line":80,"column":51}},"13":{"start":{"line":81,"column":28},"end":{"line":81,"column":63}},"14":{"start":{"line":85,"column":25},"end":{"line":85,"column":39}},"15":{"start":{"line":163,"column":14},"end":{"line":180,"column":null}},"16":{"start":{"line":166,"column":19},"end":{"line":166,"column":null}},"17":{"start":{"line":167,"column":19},"end":{"line":167,"column":null}}},"fnMap":{"0":{"name":"RumorGuard","decl":{"start":{"line":38,"column":16},"end":{"line":38,"column":29}},"loc":{"start":{"line":38,"column":29},"end":{"line":182,"column":null}},"line":38},"1":{"name":"(anonymous_1)","decl":{"start":{"line":44,"column":8},"end":{"line":44,"column":24}},"loc":{"start":{"line":44,"column":51},"end":{"line":55,"column":null}},"line":44},"2":{"name":"(anonymous_2)","decl":{"start":{"line":80,"column":10},"end":{"line":80,"column":21}},"loc":{"start":{"line":80,"column":27},"end":{"line":80,"column":51}},"line":80},"3":{"name":"(anonymous_3)","decl":{"start":{"line":81,"column":10},"end":{"line":81,"column":22}},"loc":{"start":{"line":81,"column":28},"end":{"line":81,"column":63}},"line":81},"4":{"name":"(anonymous_4)","decl":{"start":{"line":85,"column":10},"end":{"line":85,"column":25}},"loc":{"start":{"line":85,"column":25},"end":{"line":85,"column":39}},"line":85},"5":{"name":"(anonymous_5)","decl":{"start":{"line":162,"column":27},"end":{"line":162,"column":32}},"loc":{"start":{"line":163,"column":14},"end":{"line":180,"column":null}},"line":163},"6":{"name":"(anonymous_6)","decl":{"start":{"line":165,"column":16},"end":{"line":165,"column":31}},"loc":{"start":{"line":165,"column":31},"end":{"line":167,"column":null}},"line":165}},"branchMap":{"0":{"loc":{"start":{"line":45,"column":18},"end":{"line":45,"column":null}},"type":"binary-expr","locations":[{"start":{"line":45,"column":18},"end":{"line":45,"column":35}},{"start":{"line":45,"column":35},"end":{"line":45,"column":null}}],"line":45},"1":{"loc":{"start":{"line":46,"column":4},"end":{"line":46,"column":null}},"type":"if","locations":[{"start":{"line":46,"column":4},"end":{"line":46,"column":null}},{"start":{},"end":{}}],"line":46},"2":{"loc":{"start":{"line":81,"column":28},"end":{"line":81,"column":63}},"type":"binary-expr","locations":[{"start":{"line":81,"column":28},"end":{"line":81,"column":49}},{"start":{"line":81,"column":49},"end":{"line":81,"column":63}}],"line":81},"3":{"loc":{"start":{"line":82,"column":20},"end":{"line":82,"column":null}},"type":"binary-expr","locations":[{"start":{"line":82,"column":20},"end":{"line":82,"column":44}},{"start":{"line":82,"column":44},"end":{"line":82,"column":null}}],"line":82},"4":{"loc":{"start":{"line":86,"column":20},"end":{"line":86,"column":null}},"type":"binary-expr","locations":[{"start":{"line":86,"column":20},"end":{"line":86,"column":44}},{"start":{"line":86,"column":44},"end":{"line":86,"column":null}}],"line":86},"5":{"loc":{"start":{"line":89,"column":11},"end":{"line":89,"column":null}},"type":"cond-expr","locations":[{"start":{"line":89,"column":60},"end":{"line":89,"column":null}},{"start":{"line":89,"column":107},"end":{"line":89,"column":null}}],"line":89},"6":{"loc":{"start":{"line":89,"column":11},"end":{"line":89,"column":60}},"type":"binary-expr","locations":[{"start":{"line":89,"column":11},"end":{"line":89,"column":35}},{"start":{"line":89,"column":35},"end":{"line":89,"column":60}}],"line":89},"7":{"loc":{"start":{"line":97,"column":14},"end":{"line":139,"column":null}},"type":"cond-expr","locations":[{"start":{"line":98,"column":14},"end":{"line":134,"column":15}},{"start":{"line":134,"column":14},"end":{"line":139,"column":null}}],"line":97},"8":{"loc":{"start":{"line":97,"column":14},"end":{"line":97,"column":null}},"type":"binary-expr","locations":[{"start":{"line":97,"column":14},"end":{"line":97,"column":35}},{"start":{"line":97,"column":35},"end":{"line":97,"column":null}}],"line":97},"9":{"loc":{"start":{"line":103,"column":19},"end":{"line":106,"column":null}},"type":"binary-expr","locations":[{"start":{"line":103,"column":19},"end":{"line":103,"column":null}},{"start":{"line":104,"column":20},"end":{"line":106,"column":null}}],"line":103},"10":{"loc":{"start":{"line":114,"column":20},"end":{"line":118,"column":null}},"type":"cond-expr","locations":[{"start":{"line":115,"column":22},"end":{"line":117,"column":23}},{"start":{"line":117,"column":22},"end":{"line":118,"column":null}}],"line":114},"11":{"loc":{"start":{"line":173,"column":20},"end":{"line":175,"column":null}},"type":"cond-expr","locations":[{"start":{"line":173,"column":43},"end":{"line":173,"column":null}},{"start":{"line":174,"column":20},"end":{"line":175,"column":null}}],"line":173},"12":{"loc":{"start":{"line":174,"column":20},"end":{"line":175,"column":null}},"type":"cond-expr","locations":[{"start":{"line":174,"column":44},"end":{"line":174,"column":null}},{"start":{"line":175,"column":20},"end":{"line":175,"column":null}}],"line":174}},"s":{"0":1,"1":12,"2":12,"3":12,"4":12,"5":12,"6":4,"7":4,"8":1,"9":3,"10":3,"11":12,"12":2,"13":1,"14":2,"15":36,"16":1,"17":1},"f":{"0":12,"1":4,"2":2,"3":1,"4":2,"5":36,"6":1},"b":{"0":[4,3],"1":[1,3],"2":[1,1],"3":[12,12],"4":[12,12],"5":[2,10],"6":[12,12],"7":[2,10],"8":[12,10],"9":[2,2],"10":[1,1],"11":[12,24],"12":[12,12]},"meta":{"lastBranch":13,"lastFunction":7,"lastStatement":18,"seen":{"s:17:22:36:Infinity":0,"f:38:16:38:29":0,"s:39:13:39:38":1,"s:40:16:40:40":2,"s:41:39:41:66":3,"s:42:23:42:54":4,"s:44:8:55:Infinity":5,"f:44:8:44:24":1,"s:45:18:45:Infinity":6,"b:45:18:45:35:45:35:45:Infinity":0,"b:46:4:46:Infinity:undefined:undefined:undefined:undefined":1,"s:46:4:46:Infinity":7,"s:46:23:46:Infinity":8,"s:48:4:48:Infinity":9,"s:50:4:55:Infinity":10,"s:58:2:182:Infinity":11,"f:80:10:80:21":2,"s:80:27:80:51":12,"f:81:10:81:22":3,"s:81:28:81:63":13,"b:81:28:81:49:81:49:81:63":2,"b:82:20:82:44:82:44:82:Infinity":3,"f:85:10:85:25":4,"s:85:25:85:39":14,"b:86:20:86:44:86:44:86:Infinity":4,"b:89:60:89:Infinity:89:107:89:Infinity":5,"b:89:11:89:35:89:35:89:60":6,"b:98:14:134:15:134:14:139:Infinity":7,"b:97:14:97:35:97:35:97:Infinity":8,"b:103:19:103:Infinity:104:20:106:Infinity":9,"b:115:22:117:23:117:22:118:Infinity":10,"f:162:27:162:32":5,"s:163:14:180:Infinity":15,"f:165:16:165:31":6,"s:166:19:166:Infinity":16,"s:167:19:167:Infinity":17,"b:173:43:173:Infinity:174:20:175:Infinity":11,"b:174:44:174:Infinity:175:20:175:Infinity":12}}}
,"D:\\Siva\\Books\\CAREER\\HACKATHON\\Gen_AI_APAC_2026\\ElectraLensAI\\web\\src\\components\\features\\TimelineArchitect\\TimelineArchitect.tsx": {"path":"D:\\Siva\\Books\\CAREER\\HACKATHON\\Gen_AI_APAC_2026\\ElectraLensAI\\web\\src\\components\\features\\TimelineArchitect\\TimelineArchitect.tsx","statementMap":{"0":{"start":{"line":23,"column":23},"end":{"line":74,"column":null}},"1":{"start":{"line":77,"column":13},"end":{"line":77,"column":38}},"2":{"start":{"line":78,"column":22},"end":{"line":78,"column":51}},"3":{"start":{"line":79,"column":8},"end":{"line":79,"column":55}},"4":{"start":{"line":80,"column":31},"end":{"line":80,"column":58}},"5":{"start":{"line":81,"column":57},"end":{"line":81,"column":94}},"6":{"start":{"line":82,"column":25},"end":{"line":82,"column":61}},"7":{"start":{"line":84,"column":2},"end":{"line":87,"column":null}},"8":{"start":{"line":85,"column":4},"end":{"line":85,"column":null}},"9":{"start":{"line":86,"column":4},"end":{"line":86,"column":null}},"10":{"start":{"line":89,"column":16},"end":{"line":89,"column":null}},"11":{"start":{"line":90,"column":20},"end":{"line":90,"column":null}},"12":{"start":{"line":92,"column":8},"end":{"line":99,"column":null}},"13":{"start":{"line":93,"column":4},"end":{"line":93,"column":null}},"14":{"start":{"line":94,"column":4},"end":{"line":99,"column":null}},"15":{"start":{"line":102,"column":2},"end":{"line":369,"column":null}},"16":{"start":{"line":124,"column":25},"end":{"line":124,"column":null}},"17":{"start":{"line":125,"column":29},"end":{"line":125,"column":58}},"18":{"start":{"line":126,"column":12},"end":{"line":149,"column":null}},"19":{"start":{"line":129,"column":31},"end":{"line":129,"column":51}},"20":{"start":{"line":207,"column":35},"end":{"line":207,"column":82}},"21":{"start":{"line":207,"column":60},"end":{"line":207,"column":81}},"22":{"start":{"line":228,"column":33},"end":{"line":228,"column":57}},"23":{"start":{"line":250,"column":29},"end":{"line":250,"column":86}},"24":{"start":{"line":352,"column":14},"end":{"line":368,"column":null}}},"fnMap":{"0":{"name":"TimelineArchitect","decl":{"start":{"line":76,"column":16},"end":{"line":76,"column":36}},"loc":{"start":{"line":76,"column":36},"end":{"line":369,"column":null}},"line":76},"1":{"name":"(anonymous_1)","decl":{"start":{"line":84,"column":2},"end":{"line":84,"column":18}},"loc":{"start":{"line":84,"column":18},"end":{"line":87,"column":6}},"line":84},"2":{"name":"(anonymous_2)","decl":{"start":{"line":92,"column":8},"end":{"line":92,"column":32}},"loc":{"start":{"line":92,"column":32},"end":{"line":99,"column":null}},"line":92},"3":{"name":"(anonymous_3)","decl":{"start":{"line":123,"column":26},"end":{"line":123,"column":31}},"loc":{"start":{"line":123,"column":37},"end":{"line":149,"column":null}},"line":123},"4":{"name":"(anonymous_4)","decl":{"start":{"line":129,"column":16},"end":{"line":129,"column":31}},"loc":{"start":{"line":129,"column":31},"end":{"line":129,"column":51}},"line":129},"5":{"name":"(anonymous_5)","decl":{"start":{"line":207,"column":20},"end":{"line":207,"column":35}},"loc":{"start":{"line":207,"column":35},"end":{"line":207,"column":82}},"line":207},"6":{"name":"(anonymous_6)","decl":{"start":{"line":207,"column":35},"end":{"line":207,"column":51}},"loc":{"start":{"line":207,"column":60},"end":{"line":207,"column":81}},"line":207},"7":{"name":"(anonymous_7)","decl":{"start":{"line":228,"column":18},"end":{"line":228,"column":33}},"loc":{"start":{"line":228,"column":33},"end":{"line":228,"column":57}},"line":228},"8":{"name":"(anonymous_8)","decl":{"start":{"line":250,"column":14},"end":{"line":250,"column":29}},"loc":{"start":{"line":250,"column":29},"end":{"line":250,"column":86}},"line":250},"9":{"name":"(anonymous_9)","decl":{"start":{"line":351,"column":14},"end":{"line":351,"column":19}},"loc":{"start":{"line":352,"column":14},"end":{"line":368,"column":null}},"line":352}},"branchMap":{"0":{"loc":{"start":{"line":133,"column":18},"end":{"line":137,"column":null}},"type":"cond-expr","locations":[{"start":{"line":134,"column":22},"end":{"line":134,"column":null}},{"start":{"line":135,"column":22},"end":{"line":137,"column":null}}],"line":133},"1":{"loc":{"start":{"line":135,"column":22},"end":{"line":137,"column":null}},"type":"cond-expr","locations":[{"start":{"line":136,"column":22},"end":{"line":136,"column":null}},{"start":{"line":137,"column":22},"end":{"line":137,"column":null}}],"line":135},"2":{"loc":{"start":{"line":139,"column":46},"end":{"line":139,"column":165}},"type":"cond-expr","locations":[{"start":{"line":139,"column":69},"end":{"line":139,"column":84}},{"start":{"line":139,"column":84},"end":{"line":139,"column":165}}],"line":139},"3":{"loc":{"start":{"line":139,"column":84},"end":{"line":139,"column":165}},"type":"cond-expr","locations":[{"start":{"line":139,"column":95},"end":{"line":139,"column":116}},{"start":{"line":139,"column":116},"end":{"line":139,"column":165}}],"line":139},"4":{"loc":{"start":{"line":142,"column":89},"end":{"line":142,"column":156}},"type":"cond-expr","locations":[{"start":{"line":142,"column":112},"end":{"line":142,"column":136}},{"start":{"line":142,"column":136},"end":{"line":142,"column":156}}],"line":142},"5":{"loc":{"start":{"line":145,"column":53},"end":{"line":145,"column":null}},"type":"cond-expr","locations":[{"start":{"line":145,"column":76},"end":{"line":145,"column":91}},{"start":{"line":145,"column":91},"end":{"line":145,"column":null}}],"line":145},"6":{"loc":{"start":{"line":167,"column":16},"end":{"line":170,"column":null}},"type":"binary-expr","locations":[{"start":{"line":167,"column":16},"end":{"line":167,"column":31}},{"start":{"line":167,"column":31},"end":{"line":167,"column":null}},{"start":{"line":168,"column":17},"end":{"line":170,"column":null}}],"line":167},"7":{"loc":{"start":{"line":174,"column":13},"end":{"line":175,"column":null}},"type":"binary-expr","locations":[{"start":{"line":174,"column":13},"end":{"line":174,"column":null}},{"start":{"line":175,"column":15},"end":{"line":175,"column":null}}],"line":174},"8":{"loc":{"start":{"line":179,"column":11},"end":{"line":232,"column":null}},"type":"cond-expr","locations":[{"start":{"line":180,"column":12},"end":{"line":214,"column":null}},{"start":{"line":216,"column":12},"end":{"line":232,"column":null}}],"line":179},"9":{"loc":{"start":{"line":205,"column":17},"end":{"line":211,"column":null}},"type":"binary-expr","locations":[{"start":{"line":205,"column":17},"end":{"line":205,"column":null}},{"start":{"line":206,"column":18},"end":{"line":211,"column":null}}],"line":205},"10":{"loc":{"start":{"line":218,"column":19},"end":{"line":223,"column":null}},"type":"cond-expr","locations":[{"start":{"line":219,"column":21},"end":{"line":221,"column":22}},{"start":{"line":221,"column":21},"end":{"line":223,"column":null}}],"line":218},"11":{"loc":{"start":{"line":254,"column":15},"end":{"line":263,"column":null}},"type":"cond-expr","locations":[{"start":{"line":255,"column":16},"end":{"line":258,"column":null}},{"start":{"line":260,"column":16},"end":{"line":263,"column":null}}],"line":254},"12":{"loc":{"start":{"line":275,"column":17},"end":{"line":283,"column":null}},"type":"cond-expr","locations":[{"start":{"line":276,"column":18},"end":{"line":281,"column":null}},{"start":{"line":283,"column":18},"end":{"line":283,"column":null}}],"line":275},"13":{"loc":{"start":{"line":294,"column":17},"end":{"line":306,"column":17}},"type":"cond-expr","locations":[{"start":{"line":295,"column":18},"end":{"line":302,"column":19}},{"start":{"line":302,"column":18},"end":{"line":306,"column":17}}],"line":294},"14":{"loc":{"start":{"line":318,"column":17},"end":{"line":327,"column":null}},"type":"cond-expr","locations":[{"start":{"line":319,"column":18},"end":{"line":327,"column":19}},{"start":{"line":327,"column":18},"end":{"line":327,"column":null}}],"line":318},"15":{"loc":{"start":{"line":354,"column":18},"end":{"line":358,"column":null}},"type":"cond-expr","locations":[{"start":{"line":355,"column":22},"end":{"line":355,"column":null}},{"start":{"line":356,"column":22},"end":{"line":358,"column":null}}],"line":354},"16":{"loc":{"start":{"line":356,"column":22},"end":{"line":358,"column":null}},"type":"cond-expr","locations":[{"start":{"line":357,"column":22},"end":{"line":357,"column":null}},{"start":{"line":358,"column":22},"end":{"line":358,"column":null}}],"line":356},"17":{"loc":{"start":{"line":360,"column":19},"end":{"line":360,"column":null}},"type":"binary-expr","locations":[{"start":{"line":360,"column":19},"end":{"line":360,"column":45}},{"start":{"line":360,"column":45},"end":{"line":360,"column":null}}],"line":360},"18":{"loc":{"start":{"line":363,"column":53},"end":{"line":363,"column":null}},"type":"cond-expr","locations":[{"start":{"line":363,"column":78},"end":{"line":363,"column":110}},{"start":{"line":363,"column":110},"end":{"line":363,"column":null}}],"line":363}},"s":{"0":1,"1":23,"2":23,"3":23,"4":23,"5":23,"6":23,"7":23,"8":12,"9":12,"10":23,"11":23,"12":23,"13":4,"14":4,"15":23,"16":115,"17":115,"18":115,"19":1,"20":1,"21":1,"22":1,"23":1,"24":138},"f":{"0":23,"1":12,"2":4,"3":115,"4":1,"5":1,"6":1,"7":1,"8":1,"9":138},"b":{"0":[23,92],"1":[4,88],"2":[23,92],"3":[4,88],"4":[23,92],"5":[23,92],"6":[23,6,4],"7":[23,15],"8":[15,8],"9":[15,15],"10":[2,6],"11":[1,22],"12":[1,22],"13":[1,22],"14":[1,22],"15":[46,92],"16":[23,69],"17":[138,46],"18":[46,92]},"meta":{"lastBranch":19,"lastFunction":10,"lastStatement":25,"seen":{"s:23:23:74:Infinity":0,"f:76:16:76:36":0,"s:77:13:77:38":1,"s:78:22:78:51":2,"s:79:8:79:55":3,"s:80:31:80:58":4,"s:81:57:81:94":5,"s:82:25:82:61":6,"s:84:2:87:Infinity":7,"f:84:2:84:18":1,"s:85:4:85:Infinity":8,"s:86:4:86:Infinity":9,"s:89:16:89:Infinity":10,"s:90:20:90:Infinity":11,"s:92:8:99:Infinity":12,"f:92:8:92:32":2,"s:93:4:93:Infinity":13,"s:94:4:99:Infinity":14,"s:102:2:369:Infinity":15,"f:123:26:123:31":3,"s:124:25:124:Infinity":16,"s:125:29:125:58":17,"s:126:12:149:Infinity":18,"f:129:16:129:31":4,"s:129:31:129:51":19,"b:134:22:134:Infinity:135:22:137:Infinity":0,"b:136:22:136:Infinity:137:22:137:Infinity":1,"b:139:69:139:84:139:84:139:165":2,"b:139:95:139:116:139:116:139:165":3,"b:142:112:142:136:142:136:142:156":4,"b:145:76:145:91:145:91:145:Infinity":5,"b:167:16:167:31:167:31:167:Infinity:168:17:170:Infinity":6,"b:174:13:174:Infinity:175:15:175:Infinity":7,"b:180:12:214:Infinity:216:12:232:Infinity":8,"b:205:17:205:Infinity:206:18:211:Infinity":9,"f:207:20:207:35":5,"s:207:35:207:82":20,"f:207:35:207:51":6,"s:207:60:207:81":21,"b:219:21:221:22:221:21:223:Infinity":10,"f:228:18:228:33":7,"s:228:33:228:57":22,"f:250:14:250:29":8,"s:250:29:250:86":23,"b:255:16:258:Infinity:260:16:263:Infinity":11,"b:276:18:281:Infinity:283:18:283:Infinity":12,"b:295:18:302:19:302:18:306:17":13,"b:319:18:327:19:327:18:327:Infinity":14,"f:351:14:351:19":9,"s:352:14:368:Infinity":24,"b:355:22:355:Infinity:356:22:358:Infinity":15,"b:357:22:357:Infinity:358:22:358:Infinity":16,"b:360:19:360:45:360:45:360:Infinity":17,"b:363:78:363:110:363:110:363:Infinity":18}}}
,"D:\\Siva\\Books\\CAREER\\HACKATHON\\Gen_AI_APAC_2026\\ElectraLensAI\\web\\src\\components\\layout\\GamificationBar.tsx": {"path":"D:\\Siva\\Books\\CAREER\\HACKATHON\\Gen_AI_APAC_2026\\ElectraLensAI\\web\\src\\components\\layout\\GamificationBar.tsx","statementMap":{"0":{"start":{"line":14,"column":78},"end":{"line":14,"column":null}},"1":{"start":{"line":15,"column":25},"end":{"line":15,"column":57}},"2":{"start":{"line":15,"column":46},"end":{"line":15,"column":57}},"3":{"start":{"line":17,"column":2},"end":{"line":92,"column":null}},"4":{"start":{"line":82,"column":12},"end":{"line":88,"column":null}}},"fnMap":{"0":{"name":"GamificationBar","decl":{"start":{"line":13,"column":16},"end":{"line":13,"column":32}},"loc":{"start":{"line":13,"column":72},"end":{"line":92,"column":null}},"line":13},"1":{"name":"(anonymous_1)","decl":{"start":{"line":15,"column":32},"end":{"line":15,"column":40}},"loc":{"start":{"line":15,"column":46},"end":{"line":15,"column":57}},"line":15},"2":{"name":"(anonymous_2)","decl":{"start":{"line":81,"column":36},"end":{"line":81,"column":41}},"loc":{"start":{"line":82,"column":12},"end":{"line":88,"column":null}},"line":82}},"branchMap":{"0":{"loc":{"start":{"line":68,"column":9},"end":{"line":72,"column":null}},"type":"binary-expr","locations":[{"start":{"line":68,"column":9},"end":{"line":68,"column":null}},{"start":{"line":69,"column":10},"end":{"line":72,"column":null}}],"line":68},"1":{"loc":{"start":{"line":79,"column":7},"end":{"line":92,"column":null}},"type":"binary-expr","locations":[{"start":{"line":79,"column":7},"end":{"line":79,"column":null}},{"start":{"line":80,"column":8},"end":{"line":92,"column":null}}],"line":79},"2":{"loc":{"start":{"line":90,"column":11},"end":{"line":92,"column":null}},"type":"binary-expr","locations":[{"start":{"line":90,"column":11},"end":{"line":90,"column":null}},{"start":{"line":91,"column":12},"end":{"line":92,"column":null}}],"line":90}},"s":{"0":5,"1":5,"2":12,"3":5,"4":8},"f":{"0":5,"1":12,"2":8},"b":{"0":[5,3],"1":[5,3],"2":[3,1]},"meta":{"lastBranch":3,"lastFunction":3,"lastStatement":5,"seen":{"f:13:16:13:32":0,"s:14:78:14:Infinity":0,"s:15:25:15:57":1,"f:15:32:15:40":1,"s:15:46:15:57":2,"s:17:2:92:Infinity":3,"b:68:9:68:Infinity:69:10:72:Infinity":0,"b:79:7:79:Infinity:80:8:92:Infinity":1,"f:81:36:81:41":2,"s:82:12:88:Infinity":4,"b:90:11:90:Infinity:91:12:92:Infinity":2}}}
,"D:\\Siva\\Books\\CAREER\\HACKATHON\\Gen_AI_APAC_2026\\ElectraLensAI\\web\\src\\components\\layout\\Sidebar.tsx": {"path":"D:\\Siva\\Books\\CAREER\\HACKATHON\\Gen_AI_APAC_2026\\ElectraLensAI\\web\\src\\components\\layout\\Sidebar.tsx","statementMap":{"0":{"start":{"line":33,"column":10},"end":{"line":33,"column":32}},"1":{"start":{"line":35,"column":20},"end":{"line":46,"column":null}},"2":{"start":{"line":48,"column":2},"end":{"line":97,"column":null}},"3":{"start":{"line":66,"column":10},"end":{"line":84,"column":null}},"4":{"start":{"line":68,"column":27},"end":{"line":68,"column":70}}},"fnMap":{"0":{"name":"Sidebar","decl":{"start":{"line":32,"column":16},"end":{"line":32,"column":24}},"loc":{"start":{"line":32,"column":80},"end":{"line":97,"column":null}},"line":32},"1":{"name":"(anonymous_1)","decl":{"start":{"line":65,"column":19},"end":{"line":65,"column":24}},"loc":{"start":{"line":66,"column":10},"end":{"line":84,"column":null}},"line":66},"2":{"name":"(anonymous_2)","decl":{"start":{"line":68,"column":12},"end":{"line":68,"column":27}},"loc":{"start":{"line":68,"column":27},"end":{"line":68,"column":70}},"line":68}},"branchMap":{"0":{"loc":{"start":{"line":69,"column":26},"end":{"line":69,"column":null}},"type":"cond-expr","locations":[{"start":{"line":69,"column":50},"end":{"line":69,"column":59}},{"start":{"line":69,"column":59},"end":{"line":69,"column":null}}],"line":69},"1":{"loc":{"start":{"line":72,"column":14},"end":{"line":74,"column":null}},"type":"cond-expr","locations":[{"start":{"line":73,"column":18},"end":{"line":73,"column":null}},{"start":{"line":74,"column":18},"end":{"line":74,"column":null}}],"line":72},"2":{"loc":{"start":{"line":78,"column":47},"end":{"line":78,"column":138}},"type":"cond-expr","locations":[{"start":{"line":78,"column":71},"end":{"line":78,"column":89}},{"start":{"line":78,"column":89},"end":{"line":78,"column":138}}],"line":78},"3":{"loc":{"start":{"line":81,"column":13},"end":{"line":82,"column":null}},"type":"binary-expr","locations":[{"start":{"line":81,"column":13},"end":{"line":81,"column":null}},{"start":{"line":82,"column":14},"end":{"line":82,"column":null}}],"line":81}},"s":{"0":1,"1":1,"2":1,"3":10,"4":1},"f":{"0":1,"1":10,"2":1},"b":{"0":[1,9],"1":[1,9],"2":[1,9],"3":[10,1]},"meta":{"lastBranch":4,"lastFunction":3,"lastStatement":5,"seen":{"f:32:16:32:24":0,"s:33:10:33:32":0,"s:35:20:46:Infinity":1,"s:48:2:97:Infinity":2,"f:65:19:65:24":1,"s:66:10:84:Infinity":3,"f:68:12:68:27":2,"s:68:27:68:70":4,"b:69:50:69:59:69:59:69:Infinity":0,"b:73:18:73:Infinity:74:18:74:Infinity":1,"b:78:71:78:89:78:89:78:138":2,"b:81:13:81:Infinity:82:14:82:Infinity":3}}}
,"D:\\Siva\\Books\\CAREER\\HACKATHON\\Gen_AI_APAC_2026\\ElectraLensAI\\web\\src\\hooks\\useAgentStream.ts": {"path":"D:\\Siva\\Books\\CAREER\\HACKATHON\\Gen_AI_APAC_2026\\ElectraLensAI\\web\\src\\hooks\\useAgentStream.ts","statementMap":{"0":{"start":{"line":22,"column":17},"end":{"line":22,"column":42}},"1":{"start":{"line":23,"column":17},"end":{"line":23,"column":60}},"2":{"start":{"line":24,"column":22},"end":{"line":24,"column":52}},"3":{"start":{"line":25,"column":8},"end":{"line":25,"column":55}},"4":{"start":{"line":27,"column":8},"end":{"line":32,"column":8}},"5":{"start":{"line":28,"column":4},"end":{"line":28,"column":null}},"6":{"start":{"line":29,"column":4},"end":{"line":29,"column":null}},"7":{"start":{"line":30,"column":4},"end":{"line":30,"column":null}},"8":{"start":{"line":31,"column":4},"end":{"line":31,"column":null}},"9":{"start":{"line":34,"column":8},"end":{"line":100,"column":null}},"10":{"start":{"line":36,"column":6},"end":{"line":36,"column":null}},"11":{"start":{"line":37,"column":25},"end":{"line":37,"column":46}},"12":{"start":{"line":38,"column":6},"end":{"line":38,"column":null}},"13":{"start":{"line":40,"column":6},"end":{"line":40,"column":null}},"14":{"start":{"line":41,"column":6},"end":{"line":41,"column":null}},"15":{"start":{"line":42,"column":6},"end":{"line":42,"column":null}},"16":{"start":{"line":44,"column":6},"end":{"line":97,"column":null}},"17":{"start":{"line":45,"column":20},"end":{"line":50,"column":10}},"18":{"start":{"line":52,"column":8},"end":{"line":52,"column":null}},"19":{"start":{"line":52,"column":21},"end":{"line":52,"column":null}},"20":{"start":{"line":53,"column":8},"end":{"line":53,"column":null}},"21":{"start":{"line":53,"column":23},"end":{"line":53,"column":null}},"22":{"start":{"line":55,"column":8},"end":{"line":55,"column":null}},"23":{"start":{"line":56,"column":23},"end":{"line":56,"column":43}},"24":{"start":{"line":57,"column":24},"end":{"line":57,"column":41}},"25":{"start":{"line":59,"column":8},"end":{"line":84,"column":null}},"26":{"start":{"line":60,"column":34},"end":{"line":60,"column":53}},"27":{"start":{"line":61,"column":10},"end":{"line":61,"column":null}},"28":{"start":{"line":61,"column":20},"end":{"line":61,"column":null}},"29":{"start":{"line":63,"column":24},"end":{"line":63,"column":63}},"30":{"start":{"line":64,"column":24},"end":{"line":64,"column":41}},"31":{"start":{"line":66,"column":10},"end":{"line":84,"column":null}},"32":{"start":{"line":66,"column":23},"end":{"line":66,"column":26}},"33":{"start":{"line":67,"column":25},"end":{"line":67,"column":null}},"34":{"start":{"line":68,"column":12},"end":{"line":68,"column":null}},"35":{"start":{"line":68,"column":44},"end":{"line":68,"column":null}},"36":{"start":{"line":70,"column":12},"end":{"line":84,"column":null}},"37":{"start":{"line":71,"column":27},"end":{"line":71,"column":52}},"38":{"start":{"line":73,"column":14},"end":{"line":78,"column":null}},"39":{"start":{"line":75,"column":16},"end":{"line":75,"column":null}},"40":{"start":{"line":76,"column":25},"end":{"line":78,"column":null}},"41":{"start":{"line":78,"column":16},"end":{"line":78,"column":null}},"42":{"start":{"line":78,"column":36},"end":{"line":78,"column":63}},"43":{"start":{"line":81,"column":14},"end":{"line":82,"column":null}},"44":{"start":{"line":82,"column":16},"end":{"line":82,"column":null}},"45":{"start":{"line":89,"column":8},"end":{"line":89,"column":null}},"46":{"start":{"line":91,"column":6},"end":{"line":93,"column":null}},"47":{"start":{"line":92,"column":8},"end":{"line":92,"column":null}},"48":{"start":{"line":93,"column":8},"end":{"line":93,"column":null}},"49":{"start":{"line":95,"column":8},"end":{"line":95,"column":null}},"50":{"start":{"line":96,"column":8},"end":{"line":96,"column":null}},"51":{"start":{"line":97,"column":8},"end":{"line":97,"column":null}},"52":{"start":{"line":97,"column":28},"end":{"line":97,"column":79}},"53":{"start":{"line":103,"column":2},"end":{"line":103,"column":null}}},"fnMap":{"0":{"name":"useAgentStream","decl":{"start":{"line":21,"column":16},"end":{"line":21,"column":55}},"loc":{"start":{"line":21,"column":55},"end":{"line":103,"column":null}},"line":21},"1":{"name":"(anonymous_1)","decl":{"start":{"line":27,"column":16},"end":{"line":27,"column":34}},"loc":{"start":{"line":27,"column":34},"end":{"line":32,"column":7}},"line":27},"2":{"name":"(anonymous_2)","decl":{"start":{"line":35,"column":4},"end":{"line":35,"column":11}},"loc":{"start":{"line":35,"column":90},"end":{"line":100,"column":6}},"line":35},"3":{"name":"(anonymous_3)","decl":{"start":{"line":78,"column":16},"end":{"line":78,"column":27}},"loc":{"start":{"line":78,"column":36},"end":{"line":78,"column":63}},"line":78},"4":{"name":"(anonymous_4)","decl":{"start":{"line":97,"column":8},"end":{"line":97,"column":19}},"loc":{"start":{"line":97,"column":28},"end":{"line":97,"column":79}},"line":97}},"branchMap":{"0":{"loc":{"start":{"line":35,"column":62},"end":{"line":35,"column":90}},"type":"default-arg","locations":[{"start":{"line":35,"column":81},"end":{"line":35,"column":90}}],"line":35},"1":{"loc":{"start":{"line":52,"column":8},"end":{"line":52,"column":null}},"type":"if","locations":[{"start":{"line":52,"column":8},"end":{"line":52,"column":null}},{"start":{},"end":{}}],"line":52},"2":{"loc":{"start":{"line":53,"column":8},"end":{"line":53,"column":null}},"type":"if","locations":[{"start":{"line":53,"column":8},"end":{"line":53,"column":null}},{"start":{},"end":{}}],"line":53},"3":{"loc":{"start":{"line":61,"column":10},"end":{"line":61,"column":null}},"type":"if","locations":[{"start":{"line":61,"column":10},"end":{"line":61,"column":null}},{"start":{},"end":{}}],"line":61},"4":{"loc":{"start":{"line":68,"column":12},"end":{"line":68,"column":null}},"type":"if","locations":[{"start":{"line":68,"column":12},"end":{"line":68,"column":null}},{"start":{},"end":{}}],"line":68},"5":{"loc":{"start":{"line":73,"column":14},"end":{"line":78,"column":null}},"type":"if","locations":[{"start":{"line":73,"column":14},"end":{"line":78,"column":null}},{"start":{"line":76,"column":25},"end":{"line":78,"column":null}}],"line":73},"6":{"loc":{"start":{"line":73,"column":18},"end":{"line":73,"column":68}},"type":"binary-expr","locations":[{"start":{"line":73,"column":18},"end":{"line":73,"column":54}},{"start":{"line":73,"column":54},"end":{"line":73,"column":68}}],"line":73},"7":{"loc":{"start":{"line":76,"column":25},"end":{"line":78,"column":null}},"type":"if","locations":[{"start":{"line":76,"column":25},"end":{"line":78,"column":null}},{"start":{},"end":{}}],"line":76},"8":{"loc":{"start":{"line":81,"column":14},"end":{"line":82,"column":null}},"type":"if","locations":[{"start":{"line":81,"column":14},"end":{"line":82,"column":null}},{"start":{},"end":{}}],"line":81},"9":{"loc":{"start":{"line":91,"column":6},"end":{"line":93,"column":null}},"type":"if","locations":[{"start":{"line":91,"column":6},"end":{"line":93,"column":null}},{"start":{},"end":{}}],"line":91}},"s":{"0":18,"1":18,"2":18,"3":18,"4":18,"5":1,"6":1,"7":1,"8":1,"9":18,"10":8,"11":8,"12":8,"13":8,"14":8,"15":8,"16":8,"17":8,"18":6,"19":6,"20":5,"21":5,"22":4,"23":4,"24":4,"25":4,"26":10,"27":10,"28":4,"29":6,"30":6,"31":6,"32":6,"33":12,"34":12,"35":7,"36":5,"37":5,"38":5,"39":1,"40":4,"41":3,"42":3,"43":5,"44":2,"45":4,"46":3,"47":1,"48":1,"49":2,"50":2,"51":2,"52":2,"53":18},"f":{"0":18,"1":1,"2":8,"3":3,"4":2},"b":{"0":[8],"1":[1,5],"2":[1,4],"3":[4,6],"4":[7,5],"5":[1,4],"6":[5,1],"7":[3,1],"8":[2,3],"9":[1,2]},"meta":{"lastBranch":10,"lastFunction":5,"lastStatement":54,"seen":{"f:21:16:21:55":0,"s:22:17:22:42":0,"s:23:17:23:60":1,"s:24:22:24:52":2,"s:25:8:25:55":3,"s:27:8:32:8":4,"f:27:16:27:34":1,"s:28:4:28:Infinity":5,"s:29:4:29:Infinity":6,"s:30:4:30:Infinity":7,"s:31:4:31:Infinity":8,"s:34:8:100:Infinity":9,"f:35:4:35:11":2,"b:35:81:35:90":0,"s:36:6:36:Infinity":10,"s:37:25:37:46":11,"s:38:6:38:Infinity":12,"s:40:6:40:Infinity":13,"s:41:6:41:Infinity":14,"s:42:6:42:Infinity":15,"s:44:6:97:Infinity":16,"s:45:20:50:10":17,"b:52:8:52:Infinity:undefined:undefined:undefined:undefined":1,"s:52:8:52:Infinity":18,"s:52:21:52:Infinity":19,"b:53:8:53:Infinity:undefined:undefined:undefined:undefined":2,"s:53:8:53:Infinity":20,"s:53:23:53:Infinity":21,"s:55:8:55:Infinity":22,"s:56:23:56:43":23,"s:57:24:57:41":24,"s:59:8:84:Infinity":25,"s:60:34:60:53":26,"b:61:10:61:Infinity:undefined:undefined:undefined:undefined":3,"s:61:10:61:Infinity":27,"s:61:20:61:Infinity":28,"s:63:24:63:63":29,"s:64:24:64:41":30,"s:66:10:84:Infinity":31,"s:66:23:66:26":32,"s:67:25:67:Infinity":33,"b:68:12:68:Infinity:undefined:undefined:undefined:undefined":4,"s:68:12:68:Infinity":34,"s:68:44:68:Infinity":35,"s:70:12:84:Infinity":36,"s:71:27:71:52":37,"b:73:14:78:Infinity:76:25:78:Infinity":5,"s:73:14:78:Infinity":38,"b:73:18:73:54:73:54:73:68":6,"s:75:16:75:Infinity":39,"b:76:25:78:Infinity:undefined:undefined:undefined:undefined":7,"s:76:25:78:Infinity":40,"s:78:16:78:Infinity":41,"f:78:16:78:27":3,"s:78:36:78:63":42,"b:81:14:82:Infinity:undefined:undefined:undefined:undefined":8,"s:81:14:82:Infinity":43,"s:82:16:82:Infinity":44,"s:89:8:89:Infinity":45,"b:91:6:93:Infinity:undefined:undefined:undefined:undefined":9,"s:91:6:93:Infinity":46,"s:92:8:92:Infinity":47,"s:93:8:93:Infinity":48,"s:95:8:95:Infinity":49,"s:96:8:96:Infinity":50,"s:97:8:97:Infinity":51,"f:97:8:97:19":4,"s:97:28:97:79":52,"s:103:2:103:Infinity":53}}}
,"D:\\Siva\\Books\\CAREER\\HACKATHON\\Gen_AI_APAC_2026\\ElectraLensAI\\web\\src\\hooks\\useMultimedia.ts": {"path":"D:\\Siva\\Books\\CAREER\\HACKATHON\\Gen_AI_APAC_2026\\ElectraLensAI\\web\\src\\hooks\\useMultimedia.ts","statementMap":{"0":{"start":{"line":11,"column":13},"end":{"line":58,"column":null}},"1":{"start":{"line":12,"column":18},"end":{"line":12,"column":47}},"2":{"start":{"line":13,"column":18},"end":{"line":13,"column":72}},"3":{"start":{"line":14,"column":16},"end":{"line":14,"column":57}},"4":{"start":{"line":16,"column":24},"end":{"line":33,"column":null}},"5":{"start":{"line":17,"column":4},"end":{"line":33,"column":null}},"6":{"start":{"line":18,"column":23},"end":{"line":18,"column":77}},"7":{"start":{"line":19,"column":6},"end":{"line":19,"column":null}},"8":{"start":{"line":19,"column":24},"end":{"line":19,"column":null}},"9":{"start":{"line":21,"column":19},"end":{"line":21,"column":40}},"10":{"start":{"line":22,"column":6},"end":{"line":29,"column":null}},"11":{"start":{"line":23,"column":8},"end":{"line":23,"column":null}},"12":{"start":{"line":24,"column":8},"end":{"line":24,"column":null}},"13":{"start":{"line":25,"column":17},"end":{"line":29,"column":null}},"14":{"start":{"line":26,"column":8},"end":{"line":26,"column":null}},"15":{"start":{"line":29,"column":8},"end":{"line":29,"column":null}},"16":{"start":{"line":29,"column":25},"end":{"line":29,"column":45}},"17":{"start":{"line":32,"column":6},"end":{"line":32,"column":null}},"18":{"start":{"line":33,"column":6},"end":{"line":33,"column":null}},"19":{"start":{"line":37,"column":26},"end":{"line":54,"column":null}},"20":{"start":{"line":38,"column":4},"end":{"line":38,"column":null}},"21":{"start":{"line":39,"column":4},"end":{"line":39,"column":null}},"22":{"start":{"line":40,"column":4},"end":{"line":40,"column":null}},"23":{"start":{"line":41,"column":4},"end":{"line":54,"column":null}},"24":{"start":{"line":42,"column":23},"end":{"line":46,"column":8}},"25":{"start":{"line":48,"column":6},"end":{"line":48,"column":null}},"26":{"start":{"line":48,"column":24},"end":{"line":48,"column":null}},"27":{"start":{"line":50,"column":25},"end":{"line":50,"column":46}},"28":{"start":{"line":51,"column":6},"end":{"line":51,"column":null}},"29":{"start":{"line":53,"column":6},"end":{"line":53,"column":null}},"30":{"start":{"line":54,"column":6},"end":{"line":54,"column":null}},"31":{"start":{"line":58,"column":2},"end":{"line":58,"column":null}}},"fnMap":{"0":{"name":"(anonymous_0)","decl":{"start":{"line":11,"column":13},"end":{"line":11,"column":35}},"loc":{"start":{"line":11,"column":35},"end":{"line":58,"column":null}},"line":11},"1":{"name":"(anonymous_1)","decl":{"start":{"line":16,"column":24},"end":{"line":16,"column":31}},"loc":{"start":{"line":16,"column":49},"end":{"line":33,"column":null}},"line":16},"2":{"name":"(anonymous_2)","decl":{"start":{"line":29,"column":8},"end":{"line":29,"column":25}},"loc":{"start":{"line":29,"column":25},"end":{"line":29,"column":45}},"line":29},"3":{"name":"(anonymous_3)","decl":{"start":{"line":37,"column":26},"end":{"line":37,"column":33}},"loc":{"start":{"line":37,"column":76},"end":{"line":54,"column":null}},"line":37}},"branchMap":{"0":{"loc":{"start":{"line":19,"column":6},"end":{"line":19,"column":null}},"type":"if","locations":[{"start":{"line":19,"column":6},"end":{"line":19,"column":null}},{"start":{},"end":{}}],"line":19},"1":{"loc":{"start":{"line":22,"column":6},"end":{"line":29,"column":null}},"type":"if","locations":[{"start":{"line":22,"column":6},"end":{"line":29,"column":null}},{"start":{"line":25,"column":17},"end":{"line":29,"column":null}}],"line":22},"2":{"loc":{"start":{"line":25,"column":17},"end":{"line":29,"column":null}},"type":"if","locations":[{"start":{"line":25,"column":17},"end":{"line":29,"column":null}},{"start":{"line":27,"column":13},"end":{"line":29,"column":null}}],"line":25},"3":{"loc":{"start":{"line":26,"column":24},"end":{"line":26,"column":51}},"type":"binary-expr","locations":[{"start":{"line":26,"column":24},"end":{"line":26,"column":38}},{"start":{"line":26,"column":38},"end":{"line":26,"column":51}}],"line":26},"4":{"loc":{"start":{"line":32,"column":15},"end":{"line":32,"column":68}},"type":"cond-expr","locations":[{"start":{"line":32,"column":38},"end":{"line":32,"column":52}},{"start":{"line":32,"column":52},"end":{"line":32,"column":68}}],"line":32},"5":{"loc":{"start":{"line":37,"column":48},"end":{"line":37,"column":76}},"type":"default-arg","locations":[{"start":{"line":37,"column":67},"end":{"line":37,"column":76}}],"line":37},"6":{"loc":{"start":{"line":48,"column":6},"end":{"line":48,"column":null}},"type":"if","locations":[{"start":{"line":48,"column":6},"end":{"line":48,"column":null}},{"start":{},"end":{}}],"line":48},"7":{"loc":{"start":{"line":53,"column":15},"end":{"line":53,"column":80}},"type":"cond-expr","locations":[{"start":{"line":53,"column":38},"end":{"line":53,"column":52}},{"start":{"line":53,"column":52},"end":{"line":53,"column":80}}],"line":53}},"s":{"0":1,"1":21,"2":21,"3":21,"4":21,"5":10,"6":10,"7":9,"8":9,"9":8,"10":8,"11":2,"12":2,"13":6,"14":2,"15":4,"16":4,"17":4,"18":4,"19":21,"20":8,"21":8,"22":8,"23":8,"24":8,"25":7,"26":7,"27":6,"28":6,"29":2,"30":2,"31":21},"f":{"0":21,"1":10,"2":4,"3":8},"b":{"0":[1,8],"1":[2,6],"2":[2,4],"3":[2,1],"4":[3,1],"5":[8],"6":[1,6],"7":[1,1]},"meta":{"lastBranch":8,"lastFunction":4,"lastStatement":32,"seen":{"s:11:13:58:Infinity":0,"f:11:13:11:35":0,"s:12:18:12:47":1,"s:13:18:13:72":2,"s:14:16:14:57":3,"s:16:24:33:Infinity":4,"f:16:24:16:31":1,"s:17:4:33:Infinity":5,"s:18:23:18:77":6,"b:19:6:19:Infinity:undefined:undefined:undefined:undefined":0,"s:19:6:19:Infinity":7,"s:19:24:19:Infinity":8,"s:21:19:21:40":9,"b:22:6:29:Infinity:25:17:29:Infinity":1,"s:22:6:29:Infinity":10,"s:23:8:23:Infinity":11,"s:24:8:24:Infinity":12,"b:25:17:29:Infinity:27:13:29:Infinity":2,"s:25:17:29:Infinity":13,"s:26:8:26:Infinity":14,"b:26:24:26:38:26:38:26:51":3,"s:29:8:29:Infinity":15,"f:29:8:29:25":2,"s:29:25:29:45":16,"s:32:6:32:Infinity":17,"b:32:38:32:52:32:52:32:68":4,"s:33:6:33:Infinity":18,"s:37:26:54:Infinity":19,"f:37:26:37:33":3,"b:37:67:37:76":5,"s:38:4:38:Infinity":20,"s:39:4:39:Infinity":21,"s:40:4:40:Infinity":22,"s:41:4:54:Infinity":23,"s:42:23:46:8":24,"b:48:6:48:Infinity:undefined:undefined:undefined:undefined":6,"s:48:6:48:Infinity":25,"s:48:24:48:Infinity":26,"s:50:25:50:46":27,"s:51:6:51:Infinity":28,"s:53:6:53:Infinity":29,"b:53:38:53:52:53:52:53:80":7,"s:54:6:54:Infinity":30,"s:58:2:58:Infinity":31}}}
,"D:\\Siva\\Books\\CAREER\\HACKATHON\\Gen_AI_APAC_2026\\ElectraLensAI\\web\\src\\mocks\\civicKnowledge.ts": {"path":"D:\\Siva\\Books\\CAREER\\HACKATHON\\Gen_AI_APAC_2026\\ElectraLensAI\\web\\src\\mocks\\civicKnowledge.ts","statementMap":{"0":{"start":{"line":6,"column":27},"end":{"line":79,"column":null}}},"fnMap":{},"branchMap":{},"s":{"0":2},"f":{},"b":{},"meta":{"lastBranch":0,"lastFunction":0,"lastStatement":1,"seen":{"s:6:27:79:Infinity":0}}}
}
