{"D:\\Siva\\Books\\CAREER\\HACKATHON\\Gen_AI_APAC_2026\\ElectraLensAI\\web\\src\\constants.ts": {"path":"D:\\Siva\\Books\\CAREER\\HACKATHON\\Gen_AI_APAC_2026\\ElectraLensAI\\web\\src\\constants.ts","statementMap":{"0":{"start":{"line":18,"column":46},"end":{"line":51,"column":null}},"1":{"start":{"line":53,"column":58},"end":{"line":64,"column":null}},"2":{"start":{"line":66,"column":24},"end":{"line":66,"column":null}}},"fnMap":{},"branchMap":{"0":{"loc":{"start":{"line":66,"column":24},"end":{"line":66,"column":null}},"type":"binary-expr","locations":[{"start":{"line":66,"column":24},"end":{"line":66,"column":56}},{"start":{"line":66,"column":56},"end":{"line":66,"column":null}}],"line":66}},"s":{"0":5,"1":5,"2":5},"f":{},"b":{"0":[5,1]},"meta":{"lastBranch":1,"lastFunction":0,"lastStatement":3,"seen":{"s:18:46:51:Infinity":0,"s:53:58:64:Infinity":1,"s:66:24:66:Infinity":2,"b:66:24:66:56:66:56:66:Infinity":0}}}
,"D:\\Siva\\Books\\CAREER\\HACKATHON\\Gen_AI_APAC_2026\\ElectraLensAI\\web\\src\\components\\features\\LearningLab\\Flashcards.tsx": {"path":"D:\\Siva\\Books\\CAREER\\HACKATHON\\Gen_AI_APAC_2026\\ElectraLensAI\\web\\src\\components\\features\\LearningLab\\Flashcards.tsx","statementMap":{"0":{"start":{"line":6,"column":16},"end":{"line":6,"column":39}},"1":{"start":{"line":7,"column":20},"end":{"line":7,"column":51}},"2":{"start":{"line":9,"column":16},"end":{"line":9,"column":null}},"3":{"start":{"line":10,"column":22},"end":{"line":10,"column":null}},"4":{"start":{"line":12,"column":8},"end":{"line":16,"column":null}},"5":{"start":{"line":13,"column":4},"end":{"line":13,"column":null}},"6":{"start":{"line":14,"column":4},"end":{"line":16,"column":null}},"7":{"start":{"line":15,"column":6},"end":{"line":15,"column":null}},"8":{"start":{"line":15,"column":16},"end":{"line":15,"column":51}},"9":{"start":{"line":19,"column":8},"end":{"line":23,"column":null}},"10":{"start":{"line":20,"column":4},"end":{"line":20,"column":null}},"11":{"start":{"line":21,"column":4},"end":{"line":23,"column":null}},"12":{"start":{"line":22,"column":6},"end":{"line":22,"column":null}},"13":{"start":{"line":22,"column":16},"end":{"line":22,"column":66}},"14":{"start":{"line":26,"column":2},"end":{"line":77,"column":null}},"15":{"start":{"line":33,"column":97},"end":{"line":33,"column":121}},"16":{"start":{"line":64,"column":28},"end":{"line":64,"column":49}},"17":{"start":{"line":64,"column":49},"end":{"line":64,"column":null}},"18":{"start":{"line":73,"column":28},"end":{"line":73,"column":49}},"19":{"start":{"line":73,"column":49},"end":{"line":73,"column":null}}},"fnMap":{"0":{"name":"Flashcards","decl":{"start":{"line":5,"column":16},"end":{"line":5,"column":29}},"loc":{"start":{"line":5,"column":29},"end":{"line":77,"column":null}},"line":5},"1":{"name":"(anonymous_1)","decl":{"start":{"line":12,"column":8},"end":{"line":12,"column":21}},"loc":{"start":{"line":12,"column":21},"end":{"line":16,"column":null}},"line":12},"2":{"name":"(anonymous_2)","decl":{"start":{"line":14,"column":4},"end":{"line":14,"column":21}},"loc":{"start":{"line":14,"column":21},"end":{"line":16,"column":11}},"line":14},"3":{"name":"(anonymous_3)","decl":{"start":{"line":15,"column":6},"end":{"line":15,"column":16}},"loc":{"start":{"line":15,"column":16},"end":{"line":15,"column":51}},"line":15},"4":{"name":"(anonymous_4)","decl":{"start":{"line":19,"column":8},"end":{"line":19,"column":21}},"loc":{"start":{"line":19,"column":21},"end":{"line":23,"column":null}},"line":19},"5":{"name":"(anonymous_5)","decl":{"start":{"line":21,"column":4},"end":{"line":21,"column":21}},"loc":{"start":{"line":21,"column":21},"end":{"line":23,"column":11}},"line":21},"6":{"name":"(anonymous_6)","decl":{"start":{"line":22,"column":6},"end":{"line":22,"column":16}},"loc":{"start":{"line":22,"column":16},"end":{"line":22,"column":66}},"line":22},"7":{"name":"(anonymous_7)","decl":{"start":{"line":33,"column":82},"end":{"line":33,"column":97}},"loc":{"start":{"line":33,"column":97},"end":{"line":33,"column":121}},"line":33},"8":{"name":"(anonymous_8)","decl":{"start":{"line":64,"column":10},"end":{"line":64,"column":20}},"loc":{"start":{"line":64,"column":26},"end":{"line":64,"column":null}},"line":64},"9":{"name":"(anonymous_9)","decl":{"start":{"line":73,"column":10},"end":{"line":73,"column":20}},"loc":{"start":{"line":73,"column":26},"end":{"line":73,"column":null}},"line":73}},"branchMap":{"0":{"loc":{"start":{"line":37,"column":32},"end":{"line":37,"column":56}},"type":"cond-expr","locations":[{"start":{"line":37,"column":44},"end":{"line":37,"column":51}},{"start":{"line":37,"column":51},"end":{"line":37,"column":56}}],"line":37},"1":{"loc":{"start":{"line":39,"column":29},"end":{"line":39,"column":53}},"type":"cond-expr","locations":[{"start":{"line":39,"column":41},"end":{"line":39,"column":47}},{"start":{"line":39,"column":47},"end":{"line":39,"column":53}}],"line":39},"2":{"loc":{"start":{"line":42,"column":14},"end":{"line":44,"column":null}},"type":"cond-expr","locations":[{"start":{"line":43,"column":18},"end":{"line":43,"column":null}},{"start":{"line":44,"column":18},"end":{"line":44,"column":null}}],"line":42},"3":{"loc":{"start":{"line":51,"column":66},"end":{"line":51,"column":null}},"type":"cond-expr","locations":[{"start":{"line":51,"column":78},"end":{"line":51,"column":93}},{"start":{"line":51,"column":93},"end":{"line":51,"column":null}}],"line":51},"4":{"loc":{"start":{"line":52,"column":15},"end":{"line":52,"column":null}},"type":"cond-expr","locations":[{"start":{"line":52,"column":27},"end":{"line":52,"column":48}},{"start":{"line":52,"column":48},"end":{"line":52,"column":null}}],"line":52},"5":{"loc":{"start":{"line":36,"column":26},"end":{"line":36,"column":null}},"type":"cond-expr","locations":[{"start":{"line":36,"column":38},"end":{"line":36,"column":48}},{"start":{"line":36,"column":48},"end":{"line":36,"column":null}}],"line":36}},"s":{"0":9,"1":9,"2":9,"3":9,"4":9,"5":1,"6":1,"7":1,"8":1,"9":9,"10":1,"11":1,"12":1,"13":1,"14":9,"15":1,"16":1,"17":1,"18":1,"19":1},"f":{"0":9,"1":1,"2":1,"3":1,"4":1,"5":1,"6":1,"7":1,"8":1,"9":1},"b":{"0":[1,8],"1":[1,8],"2":[1,8],"3":[1,8],"4":[1,8],"5":[1,8]},"meta":{"lastBranch":6,"lastFunction":10,"lastStatement":20,"seen":{"f:5:16:5:29":0,"s:6:16:6:39":0,"s:7:20:7:51":1,"s:9:16:9:Infinity":2,"s:10:22:10:Infinity":3,"s:12:8:16:Infinity":4,"f:12:8:12:21":1,"s:13:4:13:Infinity":5,"s:14:4:16:Infinity":6,"f:14:4:14:21":2,"s:15:6:15:Infinity":7,"f:15:6:15:16":3,"s:15:16:15:51":8,"s:19:8:23:Infinity":9,"f:19:8:19:21":4,"s:20:4:20:Infinity":10,"s:21:4:23:Infinity":11,"f:21:4:21:21":5,"s:22:6:22:Infinity":12,"f:22:6:22:16":6,"s:22:16:22:66":13,"s:26:2:77:Infinity":14,"f:33:82:33:97":7,"s:33:97:33:121":15,"b:37:44:37:51:37:51:37:56":0,"b:39:41:39:47:39:47:39:53":1,"b:43:18:43:Infinity:44:18:44:Infinity":2,"b:51:78:51:93:51:93:51:Infinity":3,"b:52:27:52:48:52:48:52:Infinity":4,"b:36:38:36:48:36:48:36:Infinity":5,"f:64:10:64:20":8,"s:64:28:64:49":16,"s:64:49:64:Infinity":17,"f:73:10:73:20":9,"s:73:28:73:49":18,"s:73:49:73:Infinity":19}}}
,"D:\\Siva\\Books\\CAREER\\HACKATHON\\Gen_AI_APAC_2026\\ElectraLensAI\\web\\src\\components\\features\\LearningLab\\Quiz.tsx": {"path":"D:\\Siva\\Books\\CAREER\\HACKATHON\\Gen_AI_APAC_2026\\ElectraLensAI\\web\\src\\components\\features\\LearningLab\\Quiz.tsx","statementMap":{"0":{"start":{"line":6,"column":22},"end":{"line":6,"column":51}},"1":{"start":{"line":7,"column":25},"end":{"line":7,"column":75}},"2":{"start":{"line":8,"column":16},"end":{"line":8,"column":39}},"3":{"start":{"line":9,"column":21},"end":{"line":9,"column":53}},"4":{"start":{"line":11,"column":19},"end":{"line":11,"column":null}},"5":{"start":{"line":12,"column":26},"end":{"line":12,"column":null}},"6":{"start":{"line":14,"column":8},"end":{"line":17,"column":null}},"7":{"start":{"line":15,"column":4},"end":{"line":15,"column":null}},"8":{"start":{"line":16,"column":20},"end":{"line":16,"column":null}},"9":{"start":{"line":17,"column":4},"end":{"line":17,"column":null}},"10":{"start":{"line":17,"column":17},"end":{"line":17,"column":null}},"11":{"start":{"line":20,"column":8},"end":{"line":25,"column":null}},"12":{"start":{"line":21,"column":4},"end":{"line":25,"column":null}},"13":{"start":{"line":22,"column":6},"end":{"line":22,"column":null}},"14":{"start":{"line":23,"column":6},"end":{"line":23,"column":null}},"15":{"start":{"line":25,"column":6},"end":{"line":25,"column":null}},"16":{"start":{"line":29,"column":2},"end":{"line":44,"column":null}},"17":{"start":{"line":30,"column":4},"end":{"line":44,"column":null}},"18":{"start":{"line":36,"column":12},"end":{"line":36,"column":null}},"19":{"start":{"line":37,"column":12},"end":{"line":37,"column":null}},"20":{"start":{"line":38,"column":12},"end":{"line":38,"column":null}},"21":{"start":{"line":39,"column":12},"end":{"line":39,"column":null}},"22":{"start":{"line":49,"column":2},"end":{"line":115,"column":null}},"23":{"start":{"line":72,"column":29},"end":{"line":72,"column":null}},"24":{"start":{"line":73,"column":12},"end":{"line":78,"column":null}},"25":{"start":{"line":74,"column":14},"end":{"line":76,"column":null}},"26":{"start":{"line":77,"column":23},"end":{"line":78,"column":null}},"27":{"start":{"line":78,"column":14},"end":{"line":78,"column":null}},"28":{"start":{"line":81,"column":12},"end":{"line":95,"column":null}},"29":{"start":{"line":88,"column":31},"end":{"line":88,"column":53}}},"fnMap":{"0":{"name":"Quiz","decl":{"start":{"line":5,"column":16},"end":{"line":5,"column":23}},"loc":{"start":{"line":5,"column":23},"end":{"line":115,"column":null}},"line":5},"1":{"name":"(anonymous_1)","decl":{"start":{"line":14,"column":8},"end":{"line":14,"column":29}},"loc":{"start":{"line":14,"column":45},"end":{"line":17,"column":null}},"line":14},"2":{"name":"(anonymous_2)","decl":{"start":{"line":20,"column":8},"end":{"line":20,"column":29}},"loc":{"start":{"line":20,"column":29},"end":{"line":25,"column":null}},"line":20},"3":{"name":"(anonymous_3)","decl":{"start":{"line":35,"column":10},"end":{"line":35,"column":25}},"loc":{"start":{"line":35,"column":25},"end":{"line":39,"column":null}},"line":35},"4":{"name":"(anonymous_4)","decl":{"start":{"line":71,"column":35},"end":{"line":71,"column":40}},"loc":{"start":{"line":71,"column":56},"end":{"line":95,"column":null}},"line":71},"5":{"name":"(anonymous_5)","decl":{"start":{"line":88,"column":16},"end":{"line":88,"column":31}},"loc":{"start":{"line":88,"column":31},"end":{"line":88,"column":53}},"line":88}},"branchMap":{"0":{"loc":{"start":{"line":17,"column":4},"end":{"line":17,"column":null}},"type":"if","locations":[{"start":{"line":17,"column":4},"end":{"line":17,"column":null}},{"start":{},"end":{}}],"line":17},"1":{"loc":{"start":{"line":21,"column":4},"end":{"line":25,"column":null}},"type":"if","locations":[{"start":{"line":21,"column":4},"end":{"line":25,"column":null}},{"start":{"line":24,"column":11},"end":{"line":25,"column":null}}],"line":21},"2":{"loc":{"start":{"line":29,"column":2},"end":{"line":44,"column":null}},"type":"if","locations":[{"start":{"line":29,"column":2},"end":{"line":44,"column":null}},{"start":{},"end":{}}],"line":29},"3":{"loc":{"start":{"line":73,"column":12},"end":{"line":78,"column":null}},"type":"if","locations":[{"start":{"line":73,"column":12},"end":{"line":78,"column":null}},{"start":{"line":77,"column":23},"end":{"line":78,"column":null}}],"line":73},"4":{"loc":{"start":{"line":74,"column":27},"end":{"line":76,"column":null}},"type":"cond-expr","locations":[{"start":{"line":75,"column":18},"end":{"line":75,"column":null}},{"start":{"line":76,"column":18},"end":{"line":76,"column":null}}],"line":74},"5":{"loc":{"start":{"line":77,"column":23},"end":{"line":78,"column":null}},"type":"if","locations":[{"start":{"line":77,"column":23},"end":{"line":78,"column":null}},{"start":{},"end":{}}],"line":77},"6":{"loc":{"start":{"line":77,"column":23},"end":{"line":77,"column":83}},"type":"binary-expr","locations":[{"start":{"line":77,"column":23},"end":{"line":77,"column":50}},{"start":{"line":77,"column":50},"end":{"line":77,"column":83}}],"line":77},"7":{"loc":{"start":{"line":92,"column":17},"end":{"line":93,"column":null}},"type":"binary-expr","locations":[{"start":{"line":92,"column":17},"end":{"line":92,"column":null}},{"start":{"line":93,"column":18},"end":{"line":93,"column":null}}],"line":92},"8":{"loc":{"start":{"line":93,"column":44},"end":{"line":93,"column":95}},"type":"cond-expr","locations":[{"start":{"line":93,"column":78},"end":{"line":93,"column":84}},{"start":{"line":93,"column":84},"end":{"line":93,"column":95}}],"line":93},"9":{"loc":{"start":{"line":100,"column":9},"end":{"line":115,"column":null}},"type":"binary-expr","locations":[{"start":{"line":100,"column":9},"end":{"line":100,"column":null}},{"start":{"line":101,"column":10},"end":{"line":115,"column":null}}],"line":100},"10":{"loc":{"start":{"line":114,"column":15},"end":{"line":114,"column":null}},"type":"cond-expr","locations":[{"start":{"line":114,"column":51},"end":{"line":114,"column":69}},{"start":{"line":114,"column":69},"end":{"line":114,"column":null}}],"line":114}},"s":{"0":13,"1":13,"2":13,"3":13,"4":13,"5":13,"6":13,"7":5,"8":5,"9":5,"10":2,"11":13,"12":2,"13":1,"14":1,"15":1,"16":13,"17":1,"18":1,"19":1,"20":1,"21":1,"22":12,"23":48,"24":48,"25":5,"26":43,"27":3,"28":48,"29":5},"f":{"0":13,"1":5,"2":2,"3":1,"4":48,"5":5},"b":{"0":[2,3],"1":[1,1],"2":[1,12],"3":[5,43],"4":[2,3],"5":[3,40],"6":[43,15],"7":[48,5],"8":[2,3],"9":[12,5],"10":[4,1]},"meta":{"lastBranch":11,"lastFunction":6,"lastStatement":30,"seen":{"f:5:16:5:23":0,"s:6:22:6:51":0,"s:7:25:7:75":1,"s:8:16:8:39":2,"s:9:21:9:53":3,"s:11:19:11:Infinity":4,"s:12:26:12:Infinity":5,"s:14:8:17:Infinity":6,"f:14:8:14:29":1,"s:15:4:15:Infinity":7,"s:16:20:16:Infinity":8,"b:17:4:17:Infinity:undefined:undefined:undefined:undefined":0,"s:17:4:17:Infinity":9,"s:17:17:17:Infinity":10,"s:20:8:25:Infinity":11,"f:20:8:20:29":2,"b:21:4:25:Infinity:24:11:25:Infinity":1,"s:21:4:25:Infinity":12,"s:22:6:22:Infinity":13,"s:23:6:23:Infinity":14,"s:25:6:25:Infinity":15,"b:29:2:44:Infinity:undefined:undefined:undefined:undefined":2,"s:29:2:44:Infinity":16,"s:30:4:44:Infinity":17,"f:35:10:35:25":3,"s:36:12:36:Infinity":18,"s:37:12:37:Infinity":19,"s:38:12:38:Infinity":20,"s:39:12:39:Infinity":21,"s:49:2:115:Infinity":22,"f:71:35:71:40":4,"s:72:29:72:Infinity":23,"b:73:12:78:Infinity:77:23:78:Infinity":3,"s:73:12:78:Infinity":24,"s:74:14:76:Infinity":25,"b:75:18:75:Infinity:76:18:76:Infinity":4,"b:77:23:78:Infinity:undefined:undefined:undefined:undefined":5,"s:77:23:78:Infinity":26,"b:77:23:77:50:77:50:77:83":6,"s:78:14:78:Infinity":27,"s:81:12:95:Infinity":28,"f:88:16:88:31":5,"s:88:31:88:53":29,"b:92:17:92:Infinity:93:18:93:Infinity":7,"b:93:78:93:84:93:84:93:95":8,"b:100:9:100:Infinity:101:10:115:Infinity":9,"b:114:51:114:69:114:69:114:Infinity":10}}}
,"D:\\Siva\\Books\\CAREER\\HACKATHON\\Gen_AI_APAC_2026\\ElectraLensAI\\web\\src\\components\\features\\RumorGuard\\RumorGuard.tsx": {"path":"D:\\Siva\\Books\\CAREER\\HACKATHON\\Gen_AI_APAC_2026\\ElectraLensAI\\web\\src\\components\\features\\RumorGuard\\RumorGuard.tsx","statementMap":{"0":{"start":{"line":16,"column":22},"end":{"line":35,"column":null}},"1":{"start":{"line":38,"column":13},"end":{"line":38,"column":38}},"2":{"start":{"line":39,"column":16},"end":{"line":39,"column":40}},"3":{"start":{"line":40,"column":39},"end":{"line":40,"column":66}},"4":{"start":{"line":41,"column":23},"end":{"line":41,"column":54}},"5":{"start":{"line":43,"column":8},"end":{"line":54,"column":null}},"6":{"start":{"line":44,"column":18},"end":{"line":44,"column":null}},"7":{"start":{"line":45,"column":4},"end":{"line":45,"column":null}},"8":{"start":{"line":45,"column":23},"end":{"line":45,"column":null}},"9":{"start":{"line":47,"column":4},"end":{"line":47,"column":null}},"10":{"start":{"line":49,"column":4},"end":{"line":54,"column":null}},"11":{"start":{"line":57,"column":2},"end":{"line":181,"column":null}},"12":{"start":{"line":79,"column":27},"end":{"line":79,"column":51}},"13":{"start":{"line":80,"column":28},"end":{"line":80,"column":63}},"14":{"start":{"line":84,"column":25},"end":{"line":84,"column":39}},"15":{"start":{"line":162,"column":14},"end":{"line":179,"column":null}},"16":{"start":{"line":165,"column":19},"end":{"line":165,"column":null}},"17":{"start":{"line":166,"column":19},"end":{"line":166,"column":null}}},"fnMap":{"0":{"name":"RumorGuard","decl":{"start":{"line":37,"column":16},"end":{"line":37,"column":29}},"loc":{"start":{"line":37,"column":29},"end":{"line":181,"column":null}},"line":37},"1":{"name":"(anonymous_1)","decl":{"start":{"line":43,"column":8},"end":{"line":43,"column":24}},"loc":{"start":{"line":43,"column":51},"end":{"line":54,"column":null}},"line":43},"2":{"name":"(anonymous_2)","decl":{"start":{"line":79,"column":10},"end":{"line":79,"column":21}},"loc":{"start":{"line":79,"column":27},"end":{"line":79,"column":51}},"line":79},"3":{"name":"(anonymous_3)","decl":{"start":{"line":80,"column":10},"end":{"line":80,"column":22}},"loc":{"start":{"line":80,"column":28},"end":{"line":80,"column":63}},"line":80},"4":{"name":"(anonymous_4)","decl":{"start":{"line":84,"column":10},"end":{"line":84,"column":25}},"loc":{"start":{"line":84,"column":25},"end":{"line":84,"column":39}},"line":84},"5":{"name":"(anonymous_5)","decl":{"start":{"line":161,"column":27},"end":{"line":161,"column":32}},"loc":{"start":{"line":162,"column":14},"end":{"line":179,"column":null}},"line":162},"6":{"name":"(anonymous_6)","decl":{"start":{"line":164,"column":16},"end":{"line":164,"column":31}},"loc":{"start":{"line":164,"column":31},"end":{"line":166,"column":null}},"line":164}},"branchMap":{"0":{"loc":{"start":{"line":44,"column":18},"end":{"line":44,"column":null}},"type":"binary-expr","locations":[{"start":{"line":44,"column":18},"end":{"line":44,"column":35}},{"start":{"line":44,"column":35},"end":{"line":44,"column":null}}],"line":44},"1":{"loc":{"start":{"line":45,"column":4},"end":{"line":45,"column":null}},"type":"if","locations":[{"start":{"line":45,"column":4},"end":{"line":45,"column":null}},{"start":{},"end":{}}],"line":45},"2":{"loc":{"start":{"line":80,"column":28},"end":{"line":80,"column":63}},"type":"binary-expr","locations":[{"start":{"line":80,"column":28},"end":{"line":80,"column":49}},{"start":{"line":80,"column":49},"end":{"line":80,"column":63}}],"line":80},"3":{"loc":{"start":{"line":81,"column":20},"end":{"line":81,"column":null}},"type":"binary-expr","locations":[{"start":{"line":81,"column":20},"end":{"line":81,"column":44}},{"start":{"line":81,"column":44},"end":{"line":81,"column":null}}],"line":81},"4":{"loc":{"start":{"line":85,"column":20},"end":{"line":85,"column":null}},"type":"binary-expr","locations":[{"start":{"line":85,"column":20},"end":{"line":85,"column":44}},{"start":{"line":85,"column":44},"end":{"line":85,"column":null}}],"line":85},"5":{"loc":{"start":{"line":88,"column":11},"end":{"line":88,"column":null}},"type":"cond-expr","locations":[{"start":{"line":88,"column":60},"end":{"line":88,"column":null}},{"start":{"line":88,"column":107},"end":{"line":88,"column":null}}],"line":88},"6":{"loc":{"start":{"line":88,"column":11},"end":{"line":88,"column":60}},"type":"binary-expr","locations":[{"start":{"line":88,"column":11},"end":{"line":88,"column":35}},{"start":{"line":88,"column":35},"end":{"line":88,"column":60}}],"line":88},"7":{"loc":{"start":{"line":96,"column":14},"end":{"line":138,"column":null}},"type":"cond-expr","locations":[{"start":{"line":97,"column":14},"end":{"line":133,"column":15}},{"start":{"line":133,"column":14},"end":{"line":138,"column":null}}],"line":96},"8":{"loc":{"start":{"line":96,"column":14},"end":{"line":96,"column":null}},"type":"binary-expr","locations":[{"start":{"line":96,"column":14},"end":{"line":96,"column":35}},{"start":{"line":96,"column":35},"end":{"line":96,"column":null}}],"line":96},"9":{"loc":{"start":{"line":102,"column":19},"end":{"line":105,"column":null}},"type":"binary-expr","locations":[{"start":{"line":102,"column":19},"end":{"line":102,"column":null}},{"start":{"line":103,"column":20},"end":{"line":105,"column":null}}],"line":102},"10":{"loc":{"start":{"line":113,"column":20},"end":{"line":117,"column":null}},"type":"cond-expr","locations":[{"start":{"line":114,"column":22},"end":{"line":116,"column":23}},{"start":{"line":116,"column":22},"end":{"line":117,"column":null}}],"line":113},"11":{"loc":{"start":{"line":172,"column":20},"end":{"line":174,"column":null}},"type":"cond-expr","locations":[{"start":{"line":172,"column":43},"end":{"line":172,"column":null}},{"start":{"line":173,"column":20},"end":{"line":174,"column":null}}],"line":172},"12":{"loc":{"start":{"line":173,"column":20},"end":{"line":174,"column":null}},"type":"cond-expr","locations":[{"start":{"line":173,"column":44},"end":{"line":173,"column":null}},{"start":{"line":174,"column":20},"end":{"line":174,"column":null}}],"line":173}},"s":{"0":1,"1":12,"2":12,"3":12,"4":12,"5":12,"6":4,"7":4,"8":1,"9":3,"10":3,"11":12,"12":2,"13":1,"14":2,"15":36,"16":1,"17":1},"f":{"0":12,"1":4,"2":2,"3":1,"4":2,"5":36,"6":1},"b":{"0":[4,3],"1":[1,3],"2":[1,1],"3":[12,12],"4":[12,12],"5":[2,10],"6":[12,12],"7":[2,10],"8":[12,10],"9":[2,2],"10":[1,1],"11":[12,24],"12":[12,12]},"meta":{"lastBranch":13,"lastFunction":7,"lastStatement":18,"seen":{"s:16:22:35:Infinity":0,"f:37:16:37:29":0,"s:38:13:38:38":1,"s:39:16:39:40":2,"s:40:39:40:66":3,"s:41:23:41:54":4,"s:43:8:54:Infinity":5,"f:43:8:43:24":1,"s:44:18:44:Infinity":6,"b:44:18:44:35:44:35:44:Infinity":0,"b:45:4:45:Infinity:undefined:undefined:undefined:undefined":1,"s:45:4:45:Infinity":7,"s:45:23:45:Infinity":8,"s:47:4:47:Infinity":9,"s:49:4:54:Infinity":10,"s:57:2:181:Infinity":11,"f:79:10:79:21":2,"s:79:27:79:51":12,"f:80:10:80:22":3,"s:80:28:80:63":13,"b:80:28:80:49:80:49:80:63":2,"b:81:20:81:44:81:44:81:Infinity":3,"f:84:10:84:25":4,"s:84:25:84:39":14,"b:85:20:85:44:85:44:85:Infinity":4,"b:88:60:88:Infinity:88:107:88:Infinity":5,"b:88:11:88:35:88:35:88:60":6,"b:97:14:133:15:133:14:138:Infinity":7,"b:96:14:96:35:96:35:96:Infinity":8,"b:102:19:102:Infinity:103:20:105:Infinity":9,"b:114:22:116:23:116:22:117:Infinity":10,"f:161:27:161:32":5,"s:162:14:179:Infinity":15,"f:164:16:164:31":6,"s:165:19:165:Infinity":16,"s:166:19:166:Infinity":17,"b:172:43:172:Infinity:173:20:174:Infinity":11,"b:173:44:173:Infinity:174:20:174:Infinity":12}}}
,"D:\\Siva\\Books\\CAREER\\HACKATHON\\Gen_AI_APAC_2026\\ElectraLensAI\\web\\src\\components\\features\\TimelineArchitect\\TimelineArchitect.tsx": {"path":"D:\\Siva\\Books\\CAREER\\HACKATHON\\Gen_AI_APAC_2026\\ElectraLensAI\\web\\src\\components\\features\\TimelineArchitect\\TimelineArchitect.tsx","statementMap":{"0":{"start":{"line":23,"column":23},"end":{"line":74,"column":null}},"1":{"start":{"line":77,"column":13},"end":{"line":77,"column":38}},"2":{"start":{"line":78,"column":22},"end":{"line":78,"column":51}},"3":{"start":{"line":79,"column":31},"end":{"line":79,"column":58}},"4":{"start":{"line":80,"column":57},"end":{"line":80,"column":94}},"5":{"start":{"line":81,"column":25},"end":{"line":81,"column":61}},"6":{"start":{"line":82,"column":25},"end":{"line":82,"column":81}},"7":{"start":{"line":84,"column":8},"end":{"line":91,"column":null}},"8":{"start":{"line":85,"column":4},"end":{"line":85,"column":null}},"9":{"start":{"line":86,"column":4},"end":{"line":86,"column":null}},"10":{"start":{"line":87,"column":4},"end":{"line":91,"column":null}},"11":{"start":{"line":88,"column":19},"end":{"line":88,"column":32}},"12":{"start":{"line":89,"column":6},"end":{"line":89,"column":null}},"13":{"start":{"line":90,"column":6},"end":{"line":90,"column":null}},"14":{"start":{"line":94,"column":16},"end":{"line":94,"column":null}},"15":{"start":{"line":95,"column":20},"end":{"line":95,"column":null}},"16":{"start":{"line":97,"column":8},"end":{"line":104,"column":null}},"17":{"start":{"line":98,"column":4},"end":{"line":98,"column":null}},"18":{"start":{"line":99,"column":4},"end":{"line":104,"column":null}},"19":{"start":{"line":107,"column":2},"end":{"line":374,"column":null}},"20":{"start":{"line":129,"column":25},"end":{"line":129,"column":null}},"21":{"start":{"line":130,"column":29},"end":{"line":130,"column":53}},"22":{"start":{"line":131,"column":12},"end":{"line":154,"column":null}},"23":{"start":{"line":134,"column":31},"end":{"line":134,"column":54}},"24":{"start":{"line":212,"column":35},"end":{"line":212,"column":82}},"25":{"start":{"line":212,"column":60},"end":{"line":212,"column":81}},"26":{"start":{"line":233,"column":33},"end":{"line":233,"column":57}},"27":{"start":{"line":255,"column":29},"end":{"line":255,"column":86}},"28":{"start":{"line":357,"column":14},"end":{"line":373,"column":null}}},"fnMap":{"0":{"name":"TimelineArchitect","decl":{"start":{"line":76,"column":16},"end":{"line":76,"column":36}},"loc":{"start":{"line":76,"column":36},"end":{"line":374,"column":null}},"line":76},"1":{"name":"(anonymous_1)","decl":{"start":{"line":84,"column":8},"end":{"line":84,"column":29}},"loc":{"start":{"line":84,"column":44},"end":{"line":91,"column":null}},"line":84},"2":{"name":"(anonymous_2)","decl":{"start":{"line":87,"column":4},"end":{"line":87,"column":22}},"loc":{"start":{"line":87,"column":30},"end":{"line":91,"column":null}},"line":87},"3":{"name":"(anonymous_3)","decl":{"start":{"line":97,"column":8},"end":{"line":97,"column":32}},"loc":{"start":{"line":97,"column":32},"end":{"line":104,"column":null}},"line":97},"4":{"name":"(anonymous_4)","decl":{"start":{"line":128,"column":26},"end":{"line":128,"column":31}},"loc":{"start":{"line":128,"column":37},"end":{"line":154,"column":null}},"line":128},"5":{"name":"(anonymous_5)","decl":{"start":{"line":134,"column":16},"end":{"line":134,"column":31}},"loc":{"start":{"line":134,"column":31},"end":{"line":134,"column":54}},"line":134},"6":{"name":"(anonymous_6)","decl":{"start":{"line":212,"column":20},"end":{"line":212,"column":35}},"loc":{"start":{"line":212,"column":35},"end":{"line":212,"column":82}},"line":212},"7":{"name":"(anonymous_7)","decl":{"start":{"line":212,"column":35},"end":{"line":212,"column":51}},"loc":{"start":{"line":212,"column":60},"end":{"line":212,"column":81}},"line":212},"8":{"name":"(anonymous_8)","decl":{"start":{"line":233,"column":18},"end":{"line":233,"column":33}},"loc":{"start":{"line":233,"column":33},"end":{"line":233,"column":57}},"line":233},"9":{"name":"(anonymous_9)","decl":{"start":{"line":255,"column":14},"end":{"line":255,"column":29}},"loc":{"start":{"line":255,"column":29},"end":{"line":255,"column":86}},"line":255},"10":{"name":"(anonymous_10)","decl":{"start":{"line":356,"column":14},"end":{"line":356,"column":19}},"loc":{"start":{"line":357,"column":14},"end":{"line":373,"column":null}},"line":357}},"branchMap":{"0":{"loc":{"start":{"line":138,"column":18},"end":{"line":142,"column":null}},"type":"cond-expr","locations":[{"start":{"line":139,"column":22},"end":{"line":139,"column":null}},{"start":{"line":140,"column":22},"end":{"line":142,"column":null}}],"line":138},"1":{"loc":{"start":{"line":140,"column":22},"end":{"line":142,"column":null}},"type":"cond-expr","locations":[{"start":{"line":141,"column":22},"end":{"line":141,"column":null}},{"start":{"line":142,"column":22},"end":{"line":142,"column":null}}],"line":140},"2":{"loc":{"start":{"line":144,"column":46},"end":{"line":144,"column":165}},"type":"cond-expr","locations":[{"start":{"line":144,"column":69},"end":{"line":144,"column":84}},{"start":{"line":144,"column":84},"end":{"line":144,"column":165}}],"line":144},"3":{"loc":{"start":{"line":144,"column":84},"end":{"line":144,"column":165}},"type":"cond-expr","locations":[{"start":{"line":144,"column":95},"end":{"line":144,"column":116}},{"start":{"line":144,"column":116},"end":{"line":144,"column":165}}],"line":144},"4":{"loc":{"start":{"line":147,"column":89},"end":{"line":147,"column":156}},"type":"cond-expr","locations":[{"start":{"line":147,"column":112},"end":{"line":147,"column":136}},{"start":{"line":147,"column":136},"end":{"line":147,"column":156}}],"line":147},"5":{"loc":{"start":{"line":150,"column":53},"end":{"line":150,"column":null}},"type":"cond-expr","locations":[{"start":{"line":150,"column":76},"end":{"line":150,"column":91}},{"start":{"line":150,"column":91},"end":{"line":150,"column":null}}],"line":150},"6":{"loc":{"start":{"line":172,"column":16},"end":{"line":175,"column":null}},"type":"binary-expr","locations":[{"start":{"line":172,"column":16},"end":{"line":172,"column":31}},{"start":{"line":172,"column":31},"end":{"line":172,"column":null}},{"start":{"line":173,"column":17},"end":{"line":175,"column":null}}],"line":172},"7":{"loc":{"start":{"line":179,"column":13},"end":{"line":180,"column":null}},"type":"binary-expr","locations":[{"start":{"line":179,"column":13},"end":{"line":179,"column":null}},{"start":{"line":180,"column":15},"end":{"line":180,"column":null}}],"line":179},"8":{"loc":{"start":{"line":184,"column":11},"end":{"line":237,"column":null}},"type":"cond-expr","locations":[{"start":{"line":185,"column":12},"end":{"line":219,"column":null}},{"start":{"line":221,"column":12},"end":{"line":237,"column":null}}],"line":184},"9":{"loc":{"start":{"line":210,"column":17},"end":{"line":216,"column":null}},"type":"binary-expr","locations":[{"start":{"line":210,"column":17},"end":{"line":210,"column":null}},{"start":{"line":211,"column":18},"end":{"line":216,"column":null}}],"line":210},"10":{"loc":{"start":{"line":223,"column":19},"end":{"line":228,"column":null}},"type":"cond-expr","locations":[{"start":{"line":224,"column":21},"end":{"line":226,"column":22}},{"start":{"line":226,"column":21},"end":{"line":228,"column":null}}],"line":223},"11":{"loc":{"start":{"line":259,"column":15},"end":{"line":268,"column":null}},"type":"cond-expr","locations":[{"start":{"line":260,"column":16},"end":{"line":263,"column":null}},{"start":{"line":265,"column":16},"end":{"line":268,"column":null}}],"line":259},"12":{"loc":{"start":{"line":280,"column":17},"end":{"line":288,"column":null}},"type":"cond-expr","locations":[{"start":{"line":281,"column":18},"end":{"line":286,"column":null}},{"start":{"line":288,"column":18},"end":{"line":288,"column":null}}],"line":280},"13":{"loc":{"start":{"line":299,"column":17},"end":{"line":311,"column":17}},"type":"cond-expr","locations":[{"start":{"line":300,"column":18},"end":{"line":307,"column":19}},{"start":{"line":307,"column":18},"end":{"line":311,"column":17}}],"line":299},"14":{"loc":{"start":{"line":323,"column":17},"end":{"line":332,"column":null}},"type":"cond-expr","locations":[{"start":{"line":324,"column":18},"end":{"line":332,"column":19}},{"start":{"line":332,"column":18},"end":{"line":332,"column":null}}],"line":323},"15":{"loc":{"start":{"line":359,"column":18},"end":{"line":363,"column":null}},"type":"cond-expr","locations":[{"start":{"line":360,"column":22},"end":{"line":360,"column":null}},{"start":{"line":361,"column":22},"end":{"line":363,"column":null}}],"line":359},"16":{"loc":{"start":{"line":361,"column":22},"end":{"line":363,"column":null}},"type":"cond-expr","locations":[{"start":{"line":362,"column":22},"end":{"line":362,"column":null}},{"start":{"line":363,"column":22},"end":{"line":363,"column":null}}],"line":361},"17":{"loc":{"start":{"line":365,"column":19},"end":{"line":365,"column":null}},"type":"binary-expr","locations":[{"start":{"line":365,"column":19},"end":{"line":365,"column":45}},{"start":{"line":365,"column":45},"end":{"line":365,"column":null}}],"line":365},"18":{"loc":{"start":{"line":368,"column":53},"end":{"line":368,"column":null}},"type":"cond-expr","locations":[{"start":{"line":368,"column":78},"end":{"line":368,"column":110}},{"start":{"line":368,"column":110},"end":{"line":368,"column":null}}],"line":368}},"s":{"0":1,"1":17,"2":17,"3":17,"4":17,"5":17,"6":17,"7":17,"8":1,"9":1,"10":1,"11":1,"12":1,"13":1,"14":17,"15":17,"16":17,"17":4,"18":4,"19":17,"20":85,"21":85,"22":85,"23":1,"24":1,"25":1,"26":1,"27":1,"28":102},"f":{"0":17,"1":1,"2":1,"3":4,"4":85,"5":1,"6":1,"7":1,"8":1,"9":1,"10":102},"b":{"0":[17,68],"1":[2,66],"2":[17,68],"3":[2,66],"4":[17,68],"5":[17,68],"6":[17,4,2],"7":[17,13],"8":[13,4],"9":[13,13],"10":[1,3],"11":[1,16],"12":[1,16],"13":[1,16],"14":[1,16],"15":[34,68],"16":[17,51],"17":[102,34],"18":[34,68]},"meta":{"lastBranch":19,"lastFunction":11,"lastStatement":29,"seen":{"s:23:23:74:Infinity":0,"f:76:16:76:36":0,"s:77:13:77:38":1,"s:78:22:78:51":2,"s:79:31:79:58":3,"s:80:57:80:94":4,"s:81:25:81:61":5,"s:82:25:82:81":6,"s:84:8:91:Infinity":7,"f:84:8:84:29":1,"s:85:4:85:Infinity":8,"s:86:4:86:Infinity":9,"s:87:4:91:Infinity":10,"f:87:4:87:22":2,"s:88:19:88:32":11,"s:89:6:89:Infinity":12,"s:90:6:90:Infinity":13,"s:94:16:94:Infinity":14,"s:95:20:95:Infinity":15,"s:97:8:104:Infinity":16,"f:97:8:97:32":3,"s:98:4:98:Infinity":17,"s:99:4:104:Infinity":18,"s:107:2:374:Infinity":19,"f:128:26:128:31":4,"s:129:25:129:Infinity":20,"s:130:29:130:53":21,"s:131:12:154:Infinity":22,"f:134:16:134:31":5,"s:134:31:134:54":23,"b:139:22:139:Infinity:140:22:142:Infinity":0,"b:141:22:141:Infinity:142:22:142:Infinity":1,"b:144:69:144:84:144:84:144:165":2,"b:144:95:144:116:144:116:144:165":3,"b:147:112:147:136:147:136:147:156":4,"b:150:76:150:91:150:91:150:Infinity":5,"b:172:16:172:31:172:31:172:Infinity:173:17:175:Infinity":6,"b:179:13:179:Infinity:180:15:180:Infinity":7,"b:185:12:219:Infinity:221:12:237:Infinity":8,"b:210:17:210:Infinity:211:18:216:Infinity":9,"f:212:20:212:35":6,"s:212:35:212:82":24,"f:212:35:212:51":7,"s:212:60:212:81":25,"b:224:21:226:22:226:21:228:Infinity":10,"f:233:18:233:33":8,"s:233:33:233:57":26,"f:255:14:255:29":9,"s:255:29:255:86":27,"b:260:16:263:Infinity:265:16:268:Infinity":11,"b:281:18:286:Infinity:288:18:288:Infinity":12,"b:300:18:307:19:307:18:311:17":13,"b:324:18:332:19:332:18:332:Infinity":14,"f:356:14:356:19":10,"s:357:14:373:Infinity":28,"b:360:22:360:Infinity:361:22:363:Infinity":15,"b:362:22:362:Infinity:363:22:363:Infinity":16,"b:365:19:365:45:365:45:365:Infinity":17,"b:368:78:368:110:368:110:368:Infinity":18}}}
,"D:\\Siva\\Books\\CAREER\\HACKATHON\\Gen_AI_APAC_2026\\ElectraLensAI\\web\\src\\components\\layout\\GamificationBar.tsx": {"path":"D:\\Siva\\Books\\CAREER\\HACKATHON\\Gen_AI_APAC_2026\\ElectraLensAI\\web\\src\\components\\layout\\GamificationBar.tsx","statementMap":{"0":{"start":{"line":14,"column":78},"end":{"line":14,"column":null}},"1":{"start":{"line":15,"column":25},"end":{"line":15,"column":57}},"2":{"start":{"line":15,"column":46},"end":{"line":15,"column":57}},"3":{"start":{"line":17,"column":2},"end":{"line":92,"column":null}},"4":{"start":{"line":82,"column":12},"end":{"line":88,"column":null}}},"fnMap":{"0":{"name":"GamificationBar","decl":{"start":{"line":13,"column":16},"end":{"line":13,"column":32}},"loc":{"start":{"line":13,"column":72},"end":{"line":92,"column":null}},"line":13},"1":{"name":"(anonymous_1)","decl":{"start":{"line":15,"column":32},"end":{"line":15,"column":40}},"loc":{"start":{"line":15,"column":46},"end":{"line":15,"column":57}},"line":15},"2":{"name":"(anonymous_2)","decl":{"start":{"line":81,"column":36},"end":{"line":81,"column":41}},"loc":{"start":{"line":82,"column":12},"end":{"line":88,"column":null}},"line":82}},"branchMap":{"0":{"loc":{"start":{"line":68,"column":9},"end":{"line":72,"column":null}},"type":"binary-expr","locations":[{"start":{"line":68,"column":9},"end":{"line":68,"column":null}},{"start":{"line":69,"column":10},"end":{"line":72,"column":null}}],"line":68},"1":{"loc":{"start":{"line":79,"column":7},"end":{"line":92,"column":null}},"type":"binary-expr","locations":[{"start":{"line":79,"column":7},"end":{"line":79,"column":null}},{"start":{"line":80,"column":8},"end":{"line":92,"column":null}}],"line":79},"2":{"loc":{"start":{"line":90,"column":11},"end":{"line":92,"column":null}},"type":"binary-expr","locations":[{"start":{"line":90,"column":11},"end":{"line":90,"column":null}},{"start":{"line":91,"column":12},"end":{"line":92,"column":null}}],"line":90}},"s":{"0":7,"1":7,"2":12,"3":7,"4":8},"f":{"0":7,"1":12,"2":8},"b":{"0":[7,3],"1":[7,3],"2":[3,1]},"meta":{"lastBranch":3,"lastFunction":3,"lastStatement":5,"seen":{"f:13:16:13:32":0,"s:14:78:14:Infinity":0,"s:15:25:15:57":1,"f:15:32:15:40":1,"s:15:46:15:57":2,"s:17:2:92:Infinity":3,"b:68:9:68:Infinity:69:10:72:Infinity":0,"b:79:7:79:Infinity:80:8:92:Infinity":1,"f:81:36:81:41":2,"s:82:12:88:Infinity":4,"b:90:11:90:Infinity:91:12:92:Infinity":2}}}
,"D:\\Siva\\Books\\CAREER\\HACKATHON\\Gen_AI_APAC_2026\\ElectraLensAI\\web\\src\\components\\layout\\Sidebar.tsx": {"path":"D:\\Siva\\Books\\CAREER\\HACKATHON\\Gen_AI_APAC_2026\\ElectraLensAI\\web\\src\\components\\layout\\Sidebar.tsx","statementMap":{"0":{"start":{"line":32,"column":10},"end":{"line":32,"column":32}},"1":{"start":{"line":34,"column":20},"end":{"line":45,"column":null}},"2":{"start":{"line":47,"column":2},"end":{"line":103,"column":null}},"3":{"start":{"line":65,"column":10},"end":{"line":83,"column":null}},"4":{"start":{"line":67,"column":27},"end":{"line":67,"column":70}},"5":{"start":{"line":93,"column":25},"end":{"line":93,"column":48}}},"fnMap":{"0":{"name":"Sidebar","decl":{"start":{"line":31,"column":16},"end":{"line":31,"column":24}},"loc":{"start":{"line":31,"column":80},"end":{"line":103,"column":null}},"line":31},"1":{"name":"(anonymous_1)","decl":{"start":{"line":64,"column":19},"end":{"line":64,"column":24}},"loc":{"start":{"line":65,"column":10},"end":{"line":83,"column":null}},"line":65},"2":{"name":"(anonymous_2)","decl":{"start":{"line":67,"column":12},"end":{"line":67,"column":27}},"loc":{"start":{"line":67,"column":27},"end":{"line":67,"column":70}},"line":67},"3":{"name":"(anonymous_3)","decl":{"start":{"line":93,"column":10},"end":{"line":93,"column":25}},"loc":{"start":{"line":93,"column":25},"end":{"line":93,"column":48}},"line":93}},"branchMap":{"0":{"loc":{"start":{"line":68,"column":26},"end":{"line":68,"column":null}},"type":"cond-expr","locations":[{"start":{"line":68,"column":50},"end":{"line":68,"column":59}},{"start":{"line":68,"column":59},"end":{"line":68,"column":null}}],"line":68},"1":{"loc":{"start":{"line":71,"column":14},"end":{"line":73,"column":null}},"type":"cond-expr","locations":[{"start":{"line":72,"column":18},"end":{"line":72,"column":null}},{"start":{"line":73,"column":18},"end":{"line":73,"column":null}}],"line":71},"2":{"loc":{"start":{"line":77,"column":47},"end":{"line":77,"column":138}},"type":"cond-expr","locations":[{"start":{"line":77,"column":71},"end":{"line":77,"column":89}},{"start":{"line":77,"column":89},"end":{"line":77,"column":138}}],"line":77},"3":{"loc":{"start":{"line":80,"column":13},"end":{"line":81,"column":null}},"type":"binary-expr","locations":[{"start":{"line":80,"column":13},"end":{"line":80,"column":null}},{"start":{"line":81,"column":14},"end":{"line":81,"column":null}}],"line":80},"4":{"loc":{"start":{"line":95,"column":12},"end":{"line":97,"column":null}},"type":"cond-expr","locations":[{"start":{"line":96,"column":16},"end":{"line":96,"column":null}},{"start":{"line":97,"column":16},"end":{"line":97,"column":null}}],"line":95},"5":{"loc":{"start":{"line":100,"column":42},"end":{"line":100,"column":109}},"type":"cond-expr","locations":[{"start":{"line":100,"column":69},"end":{"line":100,"column":87}},{"start":{"line":100,"column":87},"end":{"line":100,"column":109}}],"line":100}},"s":{"0":3,"1":3,"2":3,"3":30,"4":1,"5":1},"f":{"0":3,"1":30,"2":1,"3":1},"b":{"0":[2,28],"1":[2,28],"2":[2,28],"3":[30,2],"4":[1,2],"5":[1,2]},"meta":{"lastBranch":6,"lastFunction":4,"lastStatement":6,"seen":{"f:31:16:31:24":0,"s:32:10:32:32":0,"s:34:20:45:Infinity":1,"s:47:2:103:Infinity":2,"f:64:19:64:24":1,"s:65:10:83:Infinity":3,"f:67:12:67:27":2,"s:67:27:67:70":4,"b:68:50:68:59:68:59:68:Infinity":0,"b:72:18:72:Infinity:73:18:73:Infinity":1,"b:77:71:77:89:77:89:77:138":2,"b:80:13:80:Infinity:81:14:81:Infinity":3,"f:93:10:93:25":3,"s:93:25:93:48":5,"b:96:16:96:Infinity:97:16:97:Infinity":4,"b:100:69:100:87:100:87:100:109":5}}}
,"D:\\Siva\\Books\\CAREER\\HACKATHON\\Gen_AI_APAC_2026\\ElectraLensAI\\web\\src\\hooks\\useAgentStream.ts": {"path":"D:\\Siva\\Books\\CAREER\\HACKATHON\\Gen_AI_APAC_2026\\ElectraLensAI\\web\\src\\hooks\\useAgentStream.ts","statementMap":{"0":{"start":{"line":22,"column":17},"end":{"line":22,"column":42}},"1":{"start":{"line":23,"column":17},"end":{"line":23,"column":60}},"2":{"start":{"line":24,"column":22},"end":{"line":24,"column":52}},"3":{"start":{"line":25,"column":8},"end":{"line":25,"column":55}},"4":{"start":{"line":27,"column":8},"end":{"line":32,"column":8}},"5":{"start":{"line":28,"column":4},"end":{"line":28,"column":null}},"6":{"start":{"line":29,"column":4},"end":{"line":29,"column":null}},"7":{"start":{"line":30,"column":4},"end":{"line":30,"column":null}},"8":{"start":{"line":31,"column":4},"end":{"line":31,"column":null}},"9":{"start":{"line":34,"column":8},"end":{"line":102,"column":null}},"10":{"start":{"line":36,"column":6},"end":{"line":36,"column":null}},"11":{"start":{"line":37,"column":25},"end":{"line":37,"column":46}},"12":{"start":{"line":38,"column":6},"end":{"line":38,"column":null}},"13":{"start":{"line":40,"column":6},"end":{"line":40,"column":null}},"14":{"start":{"line":41,"column":6},"end":{"line":41,"column":null}},"15":{"start":{"line":42,"column":6},"end":{"line":42,"column":null}},"16":{"start":{"line":44,"column":6},"end":{"line":99,"column":null}},"17":{"start":{"line":45,"column":20},"end":{"line":50,"column":10}},"18":{"start":{"line":52,"column":8},"end":{"line":52,"column":null}},"19":{"start":{"line":52,"column":21},"end":{"line":52,"column":null}},"20":{"start":{"line":53,"column":8},"end":{"line":53,"column":null}},"21":{"start":{"line":53,"column":23},"end":{"line":53,"column":null}},"22":{"start":{"line":55,"column":8},"end":{"line":55,"column":null}},"23":{"start":{"line":56,"column":23},"end":{"line":56,"column":43}},"24":{"start":{"line":57,"column":24},"end":{"line":57,"column":41}},"25":{"start":{"line":58,"column":21},"end":{"line":58,"column":null}},"26":{"start":{"line":60,"column":8},"end":{"line":87,"column":null}},"27":{"start":{"line":61,"column":34},"end":{"line":61,"column":53}},"28":{"start":{"line":62,"column":10},"end":{"line":62,"column":null}},"29":{"start":{"line":62,"column":20},"end":{"line":62,"column":null}},"30":{"start":{"line":64,"column":10},"end":{"line":64,"column":null}},"31":{"start":{"line":65,"column":24},"end":{"line":65,"column":42}},"32":{"start":{"line":68,"column":10},"end":{"line":68,"column":null}},"33":{"start":{"line":70,"column":10},"end":{"line":87,"column":null}},"34":{"start":{"line":71,"column":32},"end":{"line":71,"column":43}},"35":{"start":{"line":72,"column":12},"end":{"line":72,"column":null}},"36":{"start":{"line":72,"column":67},"end":{"line":72,"column":null}},"37":{"start":{"line":74,"column":12},"end":{"line":87,"column":null}},"38":{"start":{"line":75,"column":27},"end":{"line":75,"column":59}},"39":{"start":{"line":77,"column":14},"end":{"line":80,"column":null}},"40":{"start":{"line":78,"column":16},"end":{"line":78,"column":null}},"41":{"start":{"line":79,"column":25},"end":{"line":80,"column":null}},"42":{"start":{"line":80,"column":16},"end":{"line":80,"column":null}},"43":{"start":{"line":80,"column":36},"end":{"line":80,"column":63}},"44":{"start":{"line":83,"column":14},"end":{"line":84,"column":null}},"45":{"start":{"line":84,"column":16},"end":{"line":84,"column":null}},"46":{"start":{"line":87,"column":14},"end":{"line":87,"column":null}},"47":{"start":{"line":91,"column":8},"end":{"line":91,"column":null}},"48":{"start":{"line":93,"column":6},"end":{"line":95,"column":null}},"49":{"start":{"line":94,"column":8},"end":{"line":94,"column":null}},"50":{"start":{"line":95,"column":8},"end":{"line":95,"column":null}},"51":{"start":{"line":97,"column":8},"end":{"line":97,"column":null}},"52":{"start":{"line":98,"column":8},"end":{"line":98,"column":null}},"53":{"start":{"line":99,"column":8},"end":{"line":99,"column":null}},"54":{"start":{"line":99,"column":28},"end":{"line":99,"column":79}},"55":{"start":{"line":105,"column":2},"end":{"line":105,"column":null}}},"fnMap":{"0":{"name":"useAgentStream","decl":{"start":{"line":21,"column":16},"end":{"line":21,"column":55}},"loc":{"start":{"line":21,"column":55},"end":{"line":105,"column":null}},"line":21},"1":{"name":"(anonymous_1)","decl":{"start":{"line":27,"column":16},"end":{"line":27,"column":34}},"loc":{"start":{"line":27,"column":34},"end":{"line":32,"column":7}},"line":27},"2":{"name":"(anonymous_2)","decl":{"start":{"line":35,"column":4},"end":{"line":35,"column":11}},"loc":{"start":{"line":35,"column":90},"end":{"line":102,"column":6}},"line":35},"3":{"name":"(anonymous_3)","decl":{"start":{"line":80,"column":16},"end":{"line":80,"column":27}},"loc":{"start":{"line":80,"column":36},"end":{"line":80,"column":63}},"line":80},"4":{"name":"(anonymous_4)","decl":{"start":{"line":99,"column":8},"end":{"line":99,"column":19}},"loc":{"start":{"line":99,"column":28},"end":{"line":99,"column":79}},"line":99}},"branchMap":{"0":{"loc":{"start":{"line":35,"column":62},"end":{"line":35,"column":90}},"type":"default-arg","locations":[{"start":{"line":35,"column":81},"end":{"line":35,"column":90}}],"line":35},"1":{"loc":{"start":{"line":52,"column":8},"end":{"line":52,"column":null}},"type":"if","locations":[{"start":{"line":52,"column":8},"end":{"line":52,"column":null}},{"start":{},"end":{}}],"line":52},"2":{"loc":{"start":{"line":53,"column":8},"end":{"line":53,"column":null}},"type":"if","locations":[{"start":{"line":53,"column":8},"end":{"line":53,"column":null}},{"start":{},"end":{}}],"line":53},"3":{"loc":{"start":{"line":62,"column":10},"end":{"line":62,"column":null}},"type":"if","locations":[{"start":{"line":62,"column":10},"end":{"line":62,"column":null}},{"start":{},"end":{}}],"line":62},"4":{"loc":{"start":{"line":68,"column":19},"end":{"line":68,"column":null}},"type":"binary-expr","locations":[{"start":{"line":68,"column":19},"end":{"line":68,"column":30}},{"start":{"line":68,"column":34},"end":{"line":68,"column":null}}],"line":68},"5":{"loc":{"start":{"line":72,"column":12},"end":{"line":72,"column":null}},"type":"if","locations":[{"start":{"line":72,"column":12},"end":{"line":72,"column":null}},{"start":{},"end":{}}],"line":72},"6":{"loc":{"start":{"line":72,"column":16},"end":{"line":72,"column":65}},"type":"binary-expr","locations":[{"start":{"line":72,"column":16},"end":{"line":72,"column":32}},{"start":{"line":72,"column":32},"end":{"line":72,"column":65}}],"line":72},"7":{"loc":{"start":{"line":77,"column":14},"end":{"line":80,"column":null}},"type":"if","locations":[{"start":{"line":77,"column":14},"end":{"line":80,"column":null}},{"start":{"line":79,"column":25},"end":{"line":80,"column":null}}],"line":77},"8":{"loc":{"start":{"line":77,"column":18},"end":{"line":77,"column":68}},"type":"binary-expr","locations":[{"start":{"line":77,"column":18},"end":{"line":77,"column":54}},{"start":{"line":77,"column":54},"end":{"line":77,"column":68}}],"line":77},"9":{"loc":{"start":{"line":79,"column":25},"end":{"line":80,"column":null}},"type":"if","locations":[{"start":{"line":79,"column":25},"end":{"line":80,"column":null}},{"start":{},"end":{}}],"line":79},"10":{"loc":{"start":{"line":83,"column":14},"end":{"line":84,"column":null}},"type":"if","locations":[{"start":{"line":83,"column":14},"end":{"line":84,"column":null}},{"start":{},"end":{}}],"line":83},"11":{"loc":{"start":{"line":93,"column":6},"end":{"line":95,"column":null}},"type":"if","locations":[{"start":{"line":93,"column":6},"end":{"line":95,"column":null}},{"start":{},"end":{}}],"line":93}},"s":{"0":20,"1":20,"2":20,"3":20,"4":20,"5":1,"6":1,"7":1,"8":1,"9":20,"10":9,"11":9,"12":9,"13":9,"14":9,"15":9,"16":9,"17":9,"18":7,"19":7,"20":6,"21":6,"22":5,"23":5,"24":5,"25":5,"26":5,"27":13,"28":13,"29":5,"30":8,"31":8,"32":8,"33":13,"34":8,"35":8,"36":1,"37":7,"38":7,"39":7,"40":1,"41":5,"42":4,"43":4,"44":6,"45":2,"46":1,"47":5,"48":3,"49":1,"50":1,"51":2,"52":2,"53":2,"54":2,"55":20},"f":{"0":20,"1":1,"2":9,"3":4,"4":2},"b":{"0":[9],"1":[1,6],"2":[1,5],"3":[5,8],"4":[8,8],"5":[1,7],"6":[8,8],"7":[1,5],"8":[7,1],"9":[4,1],"10":[2,4],"11":[1,2]},"meta":{"lastBranch":12,"lastFunction":5,"lastStatement":56,"seen":{"f:21:16:21:55":0,"s:22:17:22:42":0,"s:23:17:23:60":1,"s:24:22:24:52":2,"s:25:8:25:55":3,"s:27:8:32:8":4,"f:27:16:27:34":1,"s:28:4:28:Infinity":5,"s:29:4:29:Infinity":6,"s:30:4:30:Infinity":7,"s:31:4:31:Infinity":8,"s:34:8:102:Infinity":9,"f:35:4:35:11":2,"b:35:81:35:90":0,"s:36:6:36:Infinity":10,"s:37:25:37:46":11,"s:38:6:38:Infinity":12,"s:40:6:40:Infinity":13,"s:41:6:41:Infinity":14,"s:42:6:42:Infinity":15,"s:44:6:99:Infinity":16,"s:45:20:50:10":17,"b:52:8:52:Infinity:undefined:undefined:undefined:undefined":1,"s:52:8:52:Infinity":18,"s:52:21:52:Infinity":19,"b:53:8:53:Infinity:undefined:undefined:undefined:undefined":2,"s:53:8:53:Infinity":20,"s:53:23:53:Infinity":21,"s:55:8:55:Infinity":22,"s:56:23:56:43":23,"s:57:24:57:41":24,"s:58:21:58:Infinity":25,"s:60:8:87:Infinity":26,"s:61:34:61:53":27,"b:62:10:62:Infinity:undefined:undefined:undefined:undefined":3,"s:62:10:62:Infinity":28,"s:62:20:62:Infinity":29,"s:64:10:64:Infinity":30,"s:65:24:65:42":31,"s:68:10:68:Infinity":32,"b:68:19:68:30:68:34:68:Infinity":4,"s:70:10:87:Infinity":33,"s:71:32:71:43":34,"b:72:12:72:Infinity:undefined:undefined:undefined:undefined":5,"s:72:12:72:Infinity":35,"b:72:16:72:32:72:32:72:65":6,"s:72:67:72:Infinity":36,"s:74:12:87:Infinity":37,"s:75:27:75:59":38,"b:77:14:80:Infinity:79:25:80:Infinity":7,"s:77:14:80:Infinity":39,"b:77:18:77:54:77:54:77:68":8,"s:78:16:78:Infinity":40,"b:79:25:80:Infinity:undefined:undefined:undefined:undefined":9,"s:79:25:80:Infinity":41,"s:80:16:80:Infinity":42,"f:80:16:80:27":3,"s:80:36:80:63":43,"b:83:14:84:Infinity:undefined:undefined:undefined:undefined":10,"s:83:14:84:Infinity":44,"s:84:16:84:Infinity":45,"s:87:14:87:Infinity":46,"s:91:8:91:Infinity":47,"b:93:6:95:Infinity:undefined:undefined:undefined:undefined":11,"s:93:6:95:Infinity":48,"s:94:8:94:Infinity":49,"s:95:8:95:Infinity":50,"s:97:8:97:Infinity":51,"s:98:8:98:Infinity":52,"s:99:8:99:Infinity":53,"f:99:8:99:19":4,"s:99:28:99:79":54,"s:105:2:105:Infinity":55}}}
,"D:\\Siva\\Books\\CAREER\\HACKATHON\\Gen_AI_APAC_2026\\ElectraLensAI\\web\\src\\hooks\\useMultimedia.ts": {"path":"D:\\Siva\\Books\\CAREER\\HACKATHON\\Gen_AI_APAC_2026\\ElectraLensAI\\web\\src\\hooks\\useMultimedia.ts","statementMap":{"0":{"start":{"line":11,"column":13},"end":{"line":58,"column":null}},"1":{"start":{"line":12,"column":18},"end":{"line":12,"column":47}},"2":{"start":{"line":13,"column":18},"end":{"line":13,"column":72}},"3":{"start":{"line":14,"column":16},"end":{"line":14,"column":57}},"4":{"start":{"line":16,"column":24},"end":{"line":33,"column":null}},"5":{"start":{"line":17,"column":4},"end":{"line":33,"column":null}},"6":{"start":{"line":18,"column":23},"end":{"line":18,"column":77}},"7":{"start":{"line":19,"column":6},"end":{"line":19,"column":null}},"8":{"start":{"line":19,"column":24},"end":{"line":19,"column":null}},"9":{"start":{"line":21,"column":19},"end":{"line":21,"column":40}},"10":{"start":{"line":22,"column":6},"end":{"line":29,"column":null}},"11":{"start":{"line":23,"column":8},"end":{"line":23,"column":null}},"12":{"start":{"line":24,"column":8},"end":{"line":24,"column":null}},"13":{"start":{"line":25,"column":17},"end":{"line":29,"column":null}},"14":{"start":{"line":26,"column":8},"end":{"line":26,"column":null}},"15":{"start":{"line":29,"column":8},"end":{"line":29,"column":null}},"16":{"start":{"line":29,"column":25},"end":{"line":29,"column":45}},"17":{"start":{"line":32,"column":6},"end":{"line":32,"column":null}},"18":{"start":{"line":33,"column":6},"end":{"line":33,"column":null}},"19":{"start":{"line":37,"column":26},"end":{"line":54,"column":null}},"20":{"start":{"line":38,"column":4},"end":{"line":38,"column":null}},"21":{"start":{"line":39,"column":4},"end":{"line":39,"column":null}},"22":{"start":{"line":40,"column":4},"end":{"line":40,"column":null}},"23":{"start":{"line":41,"column":4},"end":{"line":54,"column":null}},"24":{"start":{"line":42,"column":23},"end":{"line":46,"column":8}},"25":{"start":{"line":48,"column":6},"end":{"line":48,"column":null}},"26":{"start":{"line":48,"column":24},"end":{"line":48,"column":null}},"27":{"start":{"line":50,"column":25},"end":{"line":50,"column":46}},"28":{"start":{"line":51,"column":6},"end":{"line":51,"column":null}},"29":{"start":{"line":53,"column":6},"end":{"line":53,"column":null}},"30":{"start":{"line":54,"column":6},"end":{"line":54,"column":null}},"31":{"start":{"line":58,"column":2},"end":{"line":58,"column":null}}},"fnMap":{"0":{"name":"(anonymous_0)","decl":{"start":{"line":11,"column":13},"end":{"line":11,"column":35}},"loc":{"start":{"line":11,"column":35},"end":{"line":58,"column":null}},"line":11},"1":{"name":"(anonymous_1)","decl":{"start":{"line":16,"column":24},"end":{"line":16,"column":31}},"loc":{"start":{"line":16,"column":49},"end":{"line":33,"column":null}},"line":16},"2":{"name":"(anonymous_2)","decl":{"start":{"line":29,"column":8},"end":{"line":29,"column":25}},"loc":{"start":{"line":29,"column":25},"end":{"line":29,"column":45}},"line":29},"3":{"name":"(anonymous_3)","decl":{"start":{"line":37,"column":26},"end":{"line":37,"column":33}},"loc":{"start":{"line":37,"column":76},"end":{"line":54,"column":null}},"line":37}},"branchMap":{"0":{"loc":{"start":{"line":19,"column":6},"end":{"line":19,"column":null}},"type":"if","locations":[{"start":{"line":19,"column":6},"end":{"line":19,"column":null}},{"start":{},"end":{}}],"line":19},"1":{"loc":{"start":{"line":22,"column":6},"end":{"line":29,"column":null}},"type":"if","locations":[{"start":{"line":22,"column":6},"end":{"line":29,"column":null}},{"start":{"line":25,"column":17},"end":{"line":29,"column":null}}],"line":22},"2":{"loc":{"start":{"line":25,"column":17},"end":{"line":29,"column":null}},"type":"if","locations":[{"start":{"line":25,"column":17},"end":{"line":29,"column":null}},{"start":{"line":27,"column":13},"end":{"line":29,"column":null}}],"line":25},"3":{"loc":{"start":{"line":26,"column":24},"end":{"line":26,"column":51}},"type":"binary-expr","locations":[{"start":{"line":26,"column":24},"end":{"line":26,"column":38}},{"start":{"line":26,"column":38},"end":{"line":26,"column":51}}],"line":26},"4":{"loc":{"start":{"line":32,"column":15},"end":{"line":32,"column":68}},"type":"cond-expr","locations":[{"start":{"line":32,"column":38},"end":{"line":32,"column":52}},{"start":{"line":32,"column":52},"end":{"line":32,"column":68}}],"line":32},"5":{"loc":{"start":{"line":37,"column":48},"end":{"line":37,"column":76}},"type":"default-arg","locations":[{"start":{"line":37,"column":67},"end":{"line":37,"column":76}}],"line":37},"6":{"loc":{"start":{"line":48,"column":6},"end":{"line":48,"column":null}},"type":"if","locations":[{"start":{"line":48,"column":6},"end":{"line":48,"column":null}},{"start":{},"end":{}}],"line":48},"7":{"loc":{"start":{"line":53,"column":15},"end":{"line":53,"column":80}},"type":"cond-expr","locations":[{"start":{"line":53,"column":38},"end":{"line":53,"column":52}},{"start":{"line":53,"column":52},"end":{"line":53,"column":80}}],"line":53}},"s":{"0":1,"1":21,"2":21,"3":21,"4":21,"5":10,"6":10,"7":9,"8":9,"9":8,"10":8,"11":2,"12":2,"13":6,"14":2,"15":4,"16":4,"17":4,"18":4,"19":21,"20":8,"21":8,"22":8,"23":8,"24":8,"25":7,"26":7,"27":6,"28":6,"29":2,"30":2,"31":21},"f":{"0":21,"1":10,"2":4,"3":8},"b":{"0":[1,8],"1":[2,6],"2":[2,4],"3":[2,1],"4":[3,1],"5":[8],"6":[1,6],"7":[1,1]},"meta":{"lastBranch":8,"lastFunction":4,"lastStatement":32,"seen":{"s:11:13:58:Infinity":0,"f:11:13:11:35":0,"s:12:18:12:47":1,"s:13:18:13:72":2,"s:14:16:14:57":3,"s:16:24:33:Infinity":4,"f:16:24:16:31":1,"s:17:4:33:Infinity":5,"s:18:23:18:77":6,"b:19:6:19:Infinity:undefined:undefined:undefined:undefined":0,"s:19:6:19:Infinity":7,"s:19:24:19:Infinity":8,"s:21:19:21:40":9,"b:22:6:29:Infinity:25:17:29:Infinity":1,"s:22:6:29:Infinity":10,"s:23:8:23:Infinity":11,"s:24:8:24:Infinity":12,"b:25:17:29:Infinity:27:13:29:Infinity":2,"s:25:17:29:Infinity":13,"s:26:8:26:Infinity":14,"b:26:24:26:38:26:38:26:51":3,"s:29:8:29:Infinity":15,"f:29:8:29:25":2,"s:29:25:29:45":16,"s:32:6:32:Infinity":17,"b:32:38:32:52:32:52:32:68":4,"s:33:6:33:Infinity":18,"s:37:26:54:Infinity":19,"f:37:26:37:33":3,"b:37:67:37:76":5,"s:38:4:38:Infinity":20,"s:39:4:39:Infinity":21,"s:40:4:40:Infinity":22,"s:41:4:54:Infinity":23,"s:42:23:46:8":24,"b:48:6:48:Infinity:undefined:undefined:undefined:undefined":6,"s:48:6:48:Infinity":25,"s:48:24:48:Infinity":26,"s:50:25:50:46":27,"s:51:6:51:Infinity":28,"s:53:6:53:Infinity":29,"b:53:38:53:52:53:52:53:80":7,"s:54:6:54:Infinity":30,"s:58:2:58:Infinity":31}}}
,"D:\\Siva\\Books\\CAREER\\HACKATHON\\Gen_AI_APAC_2026\\ElectraLensAI\\web\\src\\mocks\\civicKnowledge.ts": {"path":"D:\\Siva\\Books\\CAREER\\HACKATHON\\Gen_AI_APAC_2026\\ElectraLensAI\\web\\src\\mocks\\civicKnowledge.ts","statementMap":{"0":{"start":{"line":6,"column":27},"end":{"line":79,"column":null}}},"fnMap":{},"branchMap":{},"s":{"0":2},"f":{},"b":{},"meta":{"lastBranch":0,"lastFunction":0,"lastStatement":1,"seen":{"s:6:27:79:Infinity":0}}}
}
